<!DOCTYPE html>
<html>
	<head>
        <meta http-equiv="content-type" content="text/html; charset=UTF-8" />
		<title>Selenium Test Execution Report</title>
        <script type="text/javascript" src="http://code.jquery.com/jquery-1.6.2.min.js"></script>
        <script type="text/javascript">
            /**
            * jQuery.fn.sortElements
            * --------------
            * #author James Padolsey (http://james.padolsey.com)
            * #version 0.11
            * #updated 18-MAR-2010
            * #url https://raw.github.com/jamespadolsey/jQuery-Plugins/master/sortElements/jquery.sortElements.js
            * --------------
            * #param Function comparator:
            *   Exactly the same behaviour as [1,2,3].sort(comparator)
            *   
            * #param Function getSortable
            *   A function that should return the element that is
            *   to be sorted. The comparator will run on the
            *   current collection, but you may want the actual
            *   resulting sort to occur on a parent or another
            *   associated element.
            *   
            *   E.g. $('td').sortElements(comparator, function(){
            *      return this.parentNode; 
            *   })
            *   
            *   The <td>'s parent (<tr>) will be sorted instead
            *   of the <td> itself.
            */
            jQuery.fn.sortElements = (function () {

                var sort = [].sort;

                return function (comparator, getSortable) {

                    getSortable = getSortable || function () { return this; };

                    var placements = this.map(function () {

                        var sortElement = getSortable.call(this),
                parentNode = sortElement.parentNode,

                        // Since the element itself will change position, we have
                        // to have some way of storing it's original position in
                        // the DOM. The easiest way is to have a 'flag' node:
                nextSibling = parentNode.insertBefore(
                    document.createTextNode(''),
                    sortElement.nextSibling
                );

                        return function () {

                            if (parentNode === this) {
                                throw new Error(
                        "You can't sort elements if any one is a descendant of another."
                    );
                            }

                            // Insert before flag:
                            parentNode.insertBefore(this, nextSibling);
                            // Remove flag:
                            parentNode.removeChild(nextSibling);

                        };

                    });

                    return sort.call(this, comparator).each(function (i) {
                        placements[i].call(getSortable.call(this));
                    });

                };

            })();
        </script>
        <script type="text/javascript">
            jQuery.fn.setBarSizes = (function () {
                return function (metricName, maxBarSize, min) {
                    var max = Math.max.apply(Math, $.makeArray($(this).map(function () { return Number($(this).attr('data-sr-' + metricName)); })));
                    var scale = 1.0;
                    while (max > 0.0 && max <= 10.0) {
                        scale = scale * 10.0;
                        max = max * 10.0;
                    }
                    max = (Math.ceil(max / 2) * 2) / scale;

                    this.each(function () {
                        var barAnchor = $(this).find('a');
                        var actual = $(this).attr('data-sr-' + metricName);
                        var newHeight = Math.max(Math.round(maxBarSize * (actual - min) / (max - min)), 2);
                        barAnchor.css({ height: newHeight });
                    });

                    var unit = "";
                    if (metricName.substr(metricName.length - 4, 4) === "time")
                        unit = "s";

                    $('#testview .scale-min-label').each(function () {
                        $(this).text(min.toString() + unit);
                    });
                    $('#testview .scale-max-label').each(function () {
                        $(this).text(max.toString() + unit);
                    });
                    var mid = max / 2;
                    $('#testview .scale-mid-label').each(function () {
                        $(this).text(mid.toString() + unit);
                    });
                };
            })();

            function getComparer(metricName, isDesc) {
                return function (a, b) {
                    var aNumber = Number($(a).attr('data-sr-' + metricName));
                    var bNumber = Number($(b).attr('data-sr-' + metricName));
                    var result = aNumber > bNumber ? 1 : (aNumber < bNumber ? -1 : 0);
                    if (isDesc)
                        result = -1 * result;

                    if (result == 0 && metricName != "order")
                        result = getComparer("order", false)(a, b);

                    return result;
                };
            }

            var currentSort = "";
            function doSort(allowToggleDesc) {
                var newSort = $("input[name='barSortOrder']:checked").val();
                if (allowToggleDesc && currentSort == newSort) {
                    $('#barSortDesc').click();
                    doSort(false);
                    return;
                }
                currentSort = newSort;
                $('#testview td.testview-item').sortElements(getComparer(newSort, $('#barSortDesc').is(':checked')));
            }


            function doSetHeights(allowSort) {
                var selectedMetric = $("input[name='barHeight']:checked").val();
                $('#testview td.testview-item').setBarSizes(selectedMetric, 60, 0.0);

                if (allowSort && currentSort != selectedMetric) {
                    var $radios = $("input[name='barSortOrder']");
                    $radios.filter('[value=' + selectedMetric + ']').attr('checked', true);
                    $("#barSortDesc").attr("checked", [true]);
                    doSort(false);
                }
            }

            $(document).ready(function () {
                $("input[name='barSortOrder']").click(function () { doSort(true); return true; });
                $("input[name='barSortDesc']").change(function () { doSort(false); });
                $("input[name='barHeight']").change(function () { doSetHeights(true); });

                doSort(false);
                doSetHeights(false);

                $("div.scrollable").css({ 'overflow': 'auto' });
            });
        </script>

        <style type="text/css">
            body 
            {
                color: #000000;
                font-family: Arial,Liberation Sans,DejaVu Sans,sans-serif;
                line-height: 130%;
            }
            h1 {
                font-family: Trebuchet MS,Liberation Sans,DejaVu Sans,sans-serif;
                font-size: 170%;
                font-weight: bold;
            }            
            h2 {
                font-family: Trebuchet MS,Liberation Sans,DejaVu Sans,sans-serif;
                font-size: 130%;
                font-weight: bold;
                margin-bottom: 5px;
            }            
            h3 {
                font-family: Trebuchet MS,Liberation Sans,DejaVu Sans,sans-serif;
                font-size: 120%;
                font-weight: bold;
                margin-bottom: 5px;
            }            
            a.bar
            {
                text-decoration: none;
                display: block;
                line-height: 1px;
            }
            .description
            {
                font-style: italic;
            }
            .log 
            {
                width: 600px;
                white-space: pre-wrap;
                display: block;
                margin: 0px;
            }
            .errorMessage 
            {
                width: 600px;
                color: Red;
                font-weight: bold;
            }
            .stackTrace 
            {
                width: 600px;
                white-space: pre-wrap;
                font-style: italic;
                color: Red;
                display: block;
            }
            table.testEvents
            {
                border: solid 1px #e8eef4;
                border-collapse: collapse;
            }
            table.testEvents td
            {
                vertical-align: top;
                padding: 5px;
                border: solid 1px #e8eef4;
            }
            table.testEvents th
            {
                padding: 6px 5px;
                text-align: left;
                background-color: #e8eef4;
                border: solid 1px #e8eef4;                
            }
            .comment
            {
                font-style: italic;
                font-size: smaller;
            }
            .startupBar
            {
                background-color: #EEEEEE;
                cursor: default;
            }
            
            .colorSucceeded
            {
                background-color: #90ED7B;
            }
            .colorIgnored
            {
                background-color: #FFFF85;
            }
            .colorPending
            {
                background-color: #D47BED;
            }
            .colorNothingToRun
            {
                background-color: #CCCCFF;
            }
            .colorSkipped
            {
                background-color: #CCCCFF;
            }
            .colorInconclusive
            {
                background-color: #7BEDED;
            }
            .colorCleanupFailed
            {
                background-color: #FFCCCC;
            }
            .colorRandomlyFailed
            {
                background-color: #EDB07B;
            }
            .colorFailed
            {
                background-color: #ED5F5F;
            }
            .colorInitializationFailed
            {
                background-color: #FF0000;
            }
            .colorFrameworkError
            {
                background-color: #FF0000;
            }
            ul.subNodeLinks
            {
                padding-left: 20px;
                margin: 0px;
            }
            ul.subNodeLinks li
            {
                list-style: none;
            }
            
            /* views general */
            div.scrollable
            {
                /*overflow: auto; - thsi has to be set from js, because of an IE9 bug */
            }
            div.viewbox
            {
                position: relative;
                border: 3px solid #e8eef4;
            }
            div.viewbox table
            {
                border: 0px;
            }
                        
            /* testview */
            #testview
            {
                padding-top: 23px;
            }
            
            table.testview-items td
            {
                vertical-align: bottom;
                padding: 0px 1px 0px 1px;
            }
            td.right-padding, td.left-padding
            {
                width: 25px;
                min-width: 25px;
            }
            table.testview-items a.bar
            {
                width: 5px;
            }
            table.testview-items tr.testview-items-row
            {
                height: 60px;
            }
            
            /* scale */
            table.vertical-scale 
            {
                position: absolute;
                top: 23px;
                left: 0px;
                width: 100%;
                z-index: -100;
            }
            table.vertical-scale td, tr.horizontal-scale td
            {
                font-size: 60%;
                line-height: normal;
            }
            table.vertical-scale tr.scale-max, table.vertical-scale tr.scale-mid 
            {
                height: 30px;
            }
            tr.horizontal-scale, table.vertical-scale tr.scale-min 
            {
                height: 12px;
            }
            
            td.scale-max-label, td.scale-mid-label, td.scale-min-label
            {
                border-top: solid 1px #E6E6E6;
                text-align: left;
                vertical-align: top;
            }
            td.scale-10-label
            {
                border-left: solid 1px #E6E6E6;
                text-align: left;
                vertical-align: bottom;
                padding-left: 1px;
            }
            tr.scale-mid td, tr.scale-min td, tr.scale-max td
            {
                border-top: solid 1px #E6E6E6;
            }
           
            
            /* bar-control */
            #bar-control
            {
                font-size: 60%;
                line-height: normal;
                position: absolute;
                right: 0px;
                top: 0px;
            }
            #bar-control label
            {
                font-weight: bold;
                vertical-align: middle;
            }
            #bar-control .option
            {
                vertical-align: middle;
                text-transform: lowercase;
            }
            #bar-control input[type="checkbox"]
            {
                padding: 0 2px 0 3px;
            }
            #bar-control input
            {
                vertical-align: top;
                height: 12px;
                margin: 0px;
                padding: 0px;
            }
            #bar-control div
            {
                float: right;
                margin: 3px 5px 3px 5px;
            }
            
            
            /* timeline view */
            #timelineview
            {
                padding-top: 5px;
            }
            table.timelineview a
            {
                height: 20px;
            }
            table.timelineview td
            {
                vertical-align: bottom;
                padding: 0px 1px 0px 0px;
                border: 0px;
            }
            tr.thread-items-row
            {
                height: 25px;
            }
            tr.thread-items-row td
            {
                vertical-align: bottom;
            }
            td.thread-label
            {
                padding: 0px 6px 0px 6px;
                text-align: right;
                line-height: 18px;
                vertical-align: bottom;
            }
            th.thread-label
            {
                padding: 3px 6px 0px 6px;
                line-height: 18px;
                text-align: left;
                vertical-align: bottom;
            }
        </style>
	</head>
	<body>
        <h1>Selenium Test Execution Report</h1>
        <ul>
            <li>Project: Selenium</li>
            <li>Configuration: Default</li>
            <li>Test Assemblies: Selenium.dll</li>
            <li>Start Time: 2016/12/9 14:07:02</li>
            <li>Duration: 00:02:52.0690791</li>
            <li>Test Threads: 5</li>
        </ul>

        <h2>Result: 10 failed</h2>
        <table class="testEvents">
                <tr>
        <th colspan="2">Success rate</th>
        <th>Tests</th>
        <th>Succeeded</th>
        <th>Failed</th>
        <th>Pending</th>
        <th>Ignored</th>
        <th>Skipped</th>
    </tr>

                <tr>
            <td>
            0%
    </td>
    <td>
        <table class="timelineview" cellpadding="0" cellspacing="0">
            <tr>
                    <td>
                        <a class="bar colorFailed" 
                                style="width: 199px;" 
                                title="10 failed" 
                                                    href="#error_summary"
                                />
                    </td>
            </tr>
        </table>
    </td>
    <td>10</td>
    <td>0</td>
    <td>10</td>
    <td>0</td>
    <td>0</td>
    <td>0</td>

    </tr>

        </table>
        
        <h2>Test Timeline Summary</h2>

        <div id="timelineview" class="viewbox">
            <div class="scrollable">
                <table cellpadding="0" cellspacing="0">
                    <tr>
                        <th class="thread-label" colspan="2">thread</th>
                    </tr>
                        <tr class="thread-items-row">
                            <td class="thread-label" title="Machine: DYL201200058">#0</td>
                            <td colspan="2">
                                <table class="timelineview" cellpadding="0" cellspacing="0">
                                    <tr>

                                            <td>
        <a
            class="bar startupBar" 
            style="width: 3px;" 
                title="test thread startup" 
        >&nbsp;</a>
    </td>

    <td>
        <a
            class="bar colorFailed" 
            style="width: 14px;" 
                title="Verify the workflow of My account login failed (in login)" 
                href="#t1689260415.0"
        >&nbsp;</a>
    </td>
    <td>
        <a
            class="bar colorFailed" 
            style="width: 3px;" 
                title="Test Saucelabs, Firefox (in login)" 
                href="#t-2008298024.0"
        >&nbsp;</a>
    </td>
    <td>
        <a
            class="bar colorFailed" 
            style="width: 3px;" 
                title="Test Saucelabs, Chrome (in login)" 
                href="#t-1936231809.0"
        >&nbsp;</a>
    </td>
                                    </tr>
                                </table>
                            </td>
                        </tr>
                        <tr class="thread-items-row">
                            <td class="thread-label" title="Machine: DYL201200058">#1</td>
                            <td colspan="2">
                                <table class="timelineview" cellpadding="0" cellspacing="0">
                                    <tr>

                                            <td>
        <a
            class="bar startupBar" 
            style="width: 3px;" 
                title="test thread startup" 
        >&nbsp;</a>
    </td>

    <td>
        <a
            class="bar colorFailed" 
            style="width: 3px;" 
                title="Verify the workflow of logout (in login)" 
                href="#t-1129658326.0"
        >&nbsp;</a>
    </td>
    <td>
        <a
            class="bar colorFailed" 
            style="width: 10px;" 
                title="Verify no login account click Account Overview the jump to the login page (in login)" 
                href="#t-1297305753.0"
        >&nbsp;</a>
    </td>
    <td>
        <a
            class="bar colorFailed" 
            style="width: 3px;" 
                title="Test Selenium Grid (in login)" 
                href="#t-717406088.0"
        >&nbsp;</a>
    </td>
    <td>
        <a
            class="bar colorFailed" 
            style="width: 3px;" 
                title="Test Saucelabs, Safari (in login)" 
                href="#t-1613415841.0"
        >&nbsp;</a>
    </td>
                                    </tr>
                                </table>
                            </td>
                        </tr>
                        <tr class="thread-items-row">
                            <td class="thread-label" title="Machine: DYL201200058">#2</td>
                            <td colspan="2">
                                <table class="timelineview" cellpadding="0" cellspacing="0">
                                    <tr>

                                            <td>
        <a
            class="bar startupBar" 
            style="width: 3px;" 
                title="test thread startup" 
        >&nbsp;</a>
    </td>

    <td>
        <a
            class="bar colorFailed" 
            style="width: 30px;" 
                title="Verify the error email address of forgot password (in login)" 
                href="#t406720823.0"
        >&nbsp;</a>
    </td>
                                    </tr>
                                </table>
                            </td>
                        </tr>
                        <tr class="thread-items-row">
                            <td class="thread-label" title="Machine: DYL201200058">#3</td>
                            <td colspan="2">
                                <table class="timelineview" cellpadding="0" cellspacing="0">
                                    <tr>

                                            <td>
        <a
            class="bar startupBar" 
            style="width: 3px;" 
                title="test thread startup" 
        >&nbsp;</a>
    </td>

    <td>
        <a
            class="bar colorFailed" 
            style="width: 57px;" 
                title="Verify the workflow of My account login (in login)" 
                href="#t-978865324.0"
        >&nbsp;</a>
    </td>
                                    </tr>
                                </table>
                            </td>
                        </tr>
                        <tr class="thread-items-row">
                            <td class="thread-label" title="Machine: DYL201200058">#4</td>
                            <td colspan="2">
                                <table class="timelineview" cellpadding="0" cellspacing="0">
                                    <tr>

                                            <td>
        <a
            class="bar startupBar" 
            style="width: 3px;" 
                title="test thread startup" 
        >&nbsp;</a>
    </td>

    <td>
        <a
            class="bar colorFailed" 
            style="width: 65px;" 
                title="Verify the workflow of forgot password (in login)" 
                href="#t1379241740.0"
        >&nbsp;</a>
    </td>
                                    </tr>
                                </table>
                            </td>
                        </tr>
                    <tr class="horizontal-scale">
                        <td>&nbsp;</td>
                            <td class="scale-10-label" style="width: 70px;min-width: 70px;">0s</td>
                        <td class="scale-10-label">172s</td>
                    </tr>
                </table>
            </div>
        </div>

        <h2>Test Result View</h2>
        <div id="testview" class="viewbox">
            <div id="bar-control">
                <div id="bar-control-sort">
                    <label>sort by:</label>
                    <span class="option"><input type="radio" name="barSortOrder" value="exectime" />Time</span>
                    <span class="option"><input type="radio" name="barSortOrder" value="acttime" />Act Time</span>
                    <span class="option"><input type="radio" name="barSortOrder" value="order" />Execution</span>
                    <span class="option"><input type="radio" name="barSortOrder" value="rescode" checked="checked" />Result</span>
                    <span class="option"><input type="checkbox" name="barSortDesc" id="barSortDesc" checked="checked" />desc</span>
                </div>
                <div id="bar-control-heights">
                    <label>heights:</label>
                    <span class="option"><input type="radio" checked="checked" name="barHeight" value="exectime" />Time</span>
                    <span class="option"><input type="radio" name="barHeight" value="acttime" />Act Time</span>
                    
                </div>
            </div>
            <table class="vertical-scale" cellpadding="0" cellspacing="0">
                <tr class="scale-max">
                    <td class="left-padding scale-max-label">&nbsp;</td>
                    <td colspan="10">&nbsp;</td>
                    <td class="right-padding">&nbsp;</td>
                </tr>
                <tr class="scale-mid">
                    <td class="left-padding scale-mid-label">&nbsp;</td>
                    <td colspan="10">&nbsp;</td>
                    <td class="right-padding">&nbsp;</td>
                </tr>
                <tr class="scale-min">
                    <td class="left-padding scale-min-label">&nbsp;</td>
                    <td colspan="10">&nbsp;</td>
                    <td class="right-padding">&nbsp;</td>
                </tr>
            </table>
            <div class="scrollable">
                <table class="testview-items" cellpadding="0" cellspacing="0">
                    <tr class="testview-items-row">
                        <td class="left-padding">&nbsp;</td>
    <td class="testview-item" 
        data-sr-exectime="151.1873001" data-sr-rescode="440" data-sr-order="4" data-sr-acttime="60.145">
        <a
            class="bar colorFailed" 
            style="height: 53px;"
            title="Verify the workflow of My account login (in login)"
            href="#t-978865324.0">&nbsp;</a>
    </td>
    <td class="testview-item" 
        data-sr-exectime="47.6155812" data-sr-rescode="440" data-sr-order="2" data-sr-acttime="0.001">
        <a
            class="bar colorFailed" 
            style="height: 17px;"
            title="Verify the workflow of My account login failed (in login)"
            href="#t1689260415.0">&nbsp;</a>
    </td>
    <td class="testview-item" 
        data-sr-exectime="171.1934058" data-sr-rescode="440" data-sr-order="0" data-sr-acttime="60.49">
        <a
            class="bar colorFailed" 
            style="height: 60px;"
            title="Verify the workflow of forgot password (in login)"
            href="#t1379241740.0">&nbsp;</a>
    </td>
    <td class="testview-item" 
        data-sr-exectime="86.0628681" data-sr-rescode="440" data-sr-order="1" data-sr-acttime="0.003">
        <a
            class="bar colorFailed" 
            style="height: 30px;"
            title="Verify the error email address of forgot password (in login)"
            href="#t406720823.0">&nbsp;</a>
    </td>
    <td class="testview-item" 
        data-sr-exectime="1.2939004" data-sr-rescode="440" data-sr-order="3" data-sr-acttime="0.001">
        <a
            class="bar colorFailed" 
            style="height: 2px;"
            title="Verify the workflow of logout (in login)"
            href="#t-1129658326.0">&nbsp;</a>
    </td>
    <td class="testview-item" 
        data-sr-exectime="45.5811813" data-sr-rescode="440" data-sr-order="5" data-sr-acttime="0">
        <a
            class="bar colorFailed" 
            style="height: 16px;"
            title="Verify no login account click Account Overview the jump to the login page (in login)"
            href="#t-1297305753.0">&nbsp;</a>
    </td>
    <td class="testview-item" 
        data-sr-exectime="2.4228102" data-sr-rescode="440" data-sr-order="6" data-sr-acttime="0.0">
        <a
            class="bar colorFailed" 
            style="height: 2px;"
            title="Test Selenium Grid (in login)"
            href="#t-717406088.0">&nbsp;</a>
    </td>
    <td class="testview-item" 
        data-sr-exectime="1.5672067" data-sr-rescode="440" data-sr-order="7" data-sr-acttime="0.0">
        <a
            class="bar colorFailed" 
            style="height: 2px;"
            title="Test Saucelabs, Firefox (in login)"
            href="#t-2008298024.0">&nbsp;</a>
    </td>
    <td class="testview-item" 
        data-sr-exectime="0.5729579" data-sr-rescode="440" data-sr-order="8" data-sr-acttime="0.0">
        <a
            class="bar colorFailed" 
            style="height: 2px;"
            title="Test Saucelabs, Chrome (in login)"
            href="#t-1936231809.0">&nbsp;</a>
    </td>
    <td class="testview-item" 
        data-sr-exectime="0.6920294" data-sr-rescode="440" data-sr-order="9" data-sr-acttime="0.0">
        <a
            class="bar colorFailed" 
            style="height: 2px;"
            title="Test Saucelabs, Safari (in login)"
            href="#t-1613415841.0">&nbsp;</a>
    </td>
                        <td class="right-padding">&nbsp;</td>
                    </tr>
                    <tr class="horizontal-scale">
                        <td class="left-padding">&nbsp;</td>
                        <td colspan="10">&nbsp;</td>
                    </tr>
                </table>
            </div>
        </div>

        <h2>Feature Summary</h2>
        <table class="testEvents">
                <tr>
            <th>Feature</th>
        <th colspan="2">Success rate</th>
        <th>Tests</th>
        <th>Succeeded</th>
        <th>Failed</th>
        <th>Pending</th>
        <th>Ignored</th>
        <th>Skipped</th>
    </tr>

    <tr>
            <td><a href="#f800353822">login</a></td>
            <td>
            0%
    </td>
    <td>
        <table class="timelineview" cellpadding="0" cellspacing="0">
            <tr>
                    <td>
                        <a class="bar colorFailed" 
                                style="width: 199px;" 
                                title="10 failed" 
                                                    href="#error_summary"
                                />
                    </td>
            </tr>
        </table>
    </td>
    <td>10</td>
    <td>0</td>
    <td>10</td>
    <td>0</td>
    <td>0</td>
    <td>0</td>

    </tr>
        </table>

        <a name="error_summary" />
        <h2>Error Summary</h2>
        <table class="testEvents">
                <tr>
            <th>Test</th>
        <th colspan="2">Success rate</th>
        <th>Tests</th>
        <th>Succeeded</th>
        <th>Failed</th>
        <th>Pending</th>
        <th>Ignored</th>
        <th>Skipped</th>
    </tr>

                <tr>
                    <td>
                        <a href="#t-978865324.0">Verify the workflow of My account login (in Selenium, login)</a>
                    </td>
                        <td>
            0%
    </td>
    <td>
        <table class="timelineview" cellpadding="0" cellspacing="0">
            <tr>
                    <td>
                        <a class="bar colorFailed" 
                                style="width: 199px;" 
                                title="1 failed" 
                                                    href="#error_summary"
                                />
                    </td>
            </tr>
        </table>
    </td>
    <td>1</td>
    <td>0</td>
    <td>1</td>
    <td>0</td>
    <td>0</td>
    <td>0</td>

                </tr>
                <tr>
                    <td colspan="9" style="padding-left: 20px;"><div class="errorMessage">Error: The HTTP request to the remote WebDriver server for URL http://localhost:7056/hub/session/0ff96f47-d912-4550-a1fe-4224a4351d5b/element timed out after 60 seconds. -&gt; The request was aborted: The operation has timed out.</div></td>
                </tr>
                <tr>
                    <td>
                        <a href="#t1689260415.0">Verify the workflow of My account login failed (in Selenium, login)</a>
                    </td>
                        <td>
            0%
    </td>
    <td>
        <table class="timelineview" cellpadding="0" cellspacing="0">
            <tr>
                    <td>
                        <a class="bar colorFailed" 
                                style="width: 199px;" 
                                title="1 failed" 
                                                    href="#error_summary"
                                />
                    </td>
            </tr>
        </table>
    </td>
    <td>1</td>
    <td>0</td>
    <td>1</td>
    <td>0</td>
    <td>0</td>
    <td>0</td>

                </tr>
                <tr>
                    <td colspan="9" style="padding-left: 20px;"><div class="errorMessage">Error: Unable to bind to locking port 7054 within 45000 milliseconds</div></td>
                </tr>
                <tr>
                    <td>
                        <a href="#t1379241740.0">Verify the workflow of forgot password (in Selenium, login)</a>
                    </td>
                        <td>
            0%
    </td>
    <td>
        <table class="timelineview" cellpadding="0" cellspacing="0">
            <tr>
                    <td>
                        <a class="bar colorFailed" 
                                style="width: 199px;" 
                                title="1 failed" 
                                                    href="#error_summary"
                                />
                    </td>
            </tr>
        </table>
    </td>
    <td>1</td>
    <td>0</td>
    <td>1</td>
    <td>0</td>
    <td>0</td>
    <td>0</td>

                </tr>
                <tr>
                    <td colspan="9" style="padding-left: 20px;"><div class="errorMessage">Error: The HTTP request to the remote WebDriver server for URL http://localhost:7057/hub/session/c5a42f6c-0330-4d9c-9554-89eaa00f3b01/element timed out after 60 seconds. -&gt; The request was aborted: The operation has timed out.</div></td>
                </tr>
                <tr>
                    <td>
                        <a href="#t406720823.0">Verify the error email address of forgot password (in Selenium, login)</a>
                    </td>
                        <td>
            0%
    </td>
    <td>
        <table class="timelineview" cellpadding="0" cellspacing="0">
            <tr>
                    <td>
                        <a class="bar colorFailed" 
                                style="width: 199px;" 
                                title="1 failed" 
                                                    href="#error_summary"
                                />
                    </td>
            </tr>
        </table>
    </td>
    <td>1</td>
    <td>0</td>
    <td>1</td>
    <td>0</td>
    <td>0</td>
    <td>0</td>

                </tr>
                <tr>
                    <td colspan="9" style="padding-left: 20px;"><div class="errorMessage">Error: The HTTP request to the remote WebDriver server for URL http://localhost:7055/hub/session/faba53fc-3cb7-4f56-b282-daf131c73d5b/element timed out after 60 seconds. -&gt; The request was aborted: The operation has timed out.</div></td>
                </tr>
                <tr>
                    <td>
                        <a href="#t-1129658326.0">Verify the workflow of logout (in Selenium, login)</a>
                    </td>
                        <td>
            0%
    </td>
    <td>
        <table class="timelineview" cellpadding="0" cellspacing="0">
            <tr>
                    <td>
                        <a class="bar colorFailed" 
                                style="width: 199px;" 
                                title="1 failed" 
                                                    href="#error_summary"
                                />
                    </td>
            </tr>
        </table>
    </td>
    <td>1</td>
    <td>0</td>
    <td>1</td>
    <td>0</td>
    <td>0</td>
    <td>0</td>

                </tr>
                <tr>
                    <td colspan="9" style="padding-left: 20px;"><div class="errorMessage">Error: The process cannot access the file &#39;C:\Users\Administrator\Desktop\Selenium\Selenium\bin\Debug\2016-12-09-14-07-03-76-logFile.txt&#39; because it is being used by another process.</div></td>
                </tr>
                <tr>
                    <td>
                        <a href="#t-1297305753.0">Verify no login account click Account Overview the jump to the login page (in Selenium, login)</a>
                    </td>
                        <td>
            0%
    </td>
    <td>
        <table class="timelineview" cellpadding="0" cellspacing="0">
            <tr>
                    <td>
                        <a class="bar colorFailed" 
                                style="width: 199px;" 
                                title="1 failed" 
                                                    href="#error_summary"
                                />
                    </td>
            </tr>
        </table>
    </td>
    <td>1</td>
    <td>0</td>
    <td>1</td>
    <td>0</td>
    <td>0</td>
    <td>0</td>

                </tr>
                <tr>
                    <td colspan="9" style="padding-left: 20px;"><div class="errorMessage">Error: Unable to bind to locking port 7054 within 45000 milliseconds</div></td>
                </tr>
                <tr>
                    <td>
                        <a href="#t-717406088.0">Test Selenium Grid (in Selenium, login)</a>
                    </td>
                        <td>
            0%
    </td>
    <td>
        <table class="timelineview" cellpadding="0" cellspacing="0">
            <tr>
                    <td>
                        <a class="bar colorFailed" 
                                style="width: 199px;" 
                                title="1 failed" 
                                                    href="#error_summary"
                                />
                    </td>
            </tr>
        </table>
    </td>
    <td>1</td>
    <td>0</td>
    <td>1</td>
    <td>0</td>
    <td>0</td>
    <td>0</td>

                </tr>
                <tr>
                    <td colspan="9" style="padding-left: 20px;"><div class="errorMessage">Error: Unexpected error. System.Net.WebException: Unable to connect to the remote server ---&gt; System.Net.Sockets.SocketException: No connection could be made because the target machine actively refused it 127.0.0.1:4444
   at System.Net.Sockets.Socket.DoConnect(EndPoint endPointSnapshot, SocketAddress socketAddress)
   at System.Net.ServicePoint.ConnectSocketInternal(Boolean connectFailure, Socket s4, Socket s6, Socket&amp; socket, IPAddress&amp; address, ConnectSocketState state, IAsyncResult asyncResult, Exception&amp; exception)
   --- End of inner exception stack trace ---
   at System.Net.HttpWebRequest.GetRequestStream(TransportContext&amp; context)
   at System.Net.HttpWebRequest.GetRequestStream()
   at OpenQA.Selenium.Remote.HttpCommandExecutor.Execute(Command commandToExecute)
   at OpenQA.Selenium.Remote.RemoteWebDriver.Execute(String driverCommandToExecute, Dictionary`2 parameters)</div></td>
                </tr>
                <tr>
                    <td>
                        <a href="#t-2008298024.0">Test Saucelabs, Firefox (in Selenium, login)</a>
                    </td>
                        <td>
            0%
    </td>
    <td>
        <table class="timelineview" cellpadding="0" cellspacing="0">
            <tr>
                    <td>
                        <a class="bar colorFailed" 
                                style="width: 199px;" 
                                title="1 failed" 
                                                    href="#error_summary"
                                />
                    </td>
            </tr>
        </table>
    </td>
    <td>1</td>
    <td>0</td>
    <td>1</td>
    <td>0</td>
    <td>0</td>
    <td>0</td>

                </tr>
                <tr>
                    <td colspan="9" style="padding-left: 20px;"><div class="errorMessage">Error: Unexpected error. Sauce Labs Authentication Error.
You used username &#39;xiaolongchen&#39; and access key &#39;XXXXXXXX-XXXX-XXXX-XXXX-XXXX834edd2e&#39; to authenticate, which are not valid Sauce Labs credentials.

The following desired capabilities were received:
{&#39;AccessKey&#39;: &#39;XXXXXXXX-XXXX-XXXX-XXXX-XXXX834edd2e&#39;,
 &#39;Platform&#39;: &#39;Windows 7&#39;,
 &#39;Username&#39;: &#39;xiaolongchen&#39;,
 &#39;browserName&#39;: &#39;Firefox&#39;,
 &#39;name&#39;: &#39;Test&#39;,
 &#39;version&#39;: &#39;47.0&#39;}</div></td>
                </tr>
                <tr>
                    <td>
                        <a href="#t-1936231809.0">Test Saucelabs, Chrome (in Selenium, login)</a>
                    </td>
                        <td>
            0%
    </td>
    <td>
        <table class="timelineview" cellpadding="0" cellspacing="0">
            <tr>
                    <td>
                        <a class="bar colorFailed" 
                                style="width: 199px;" 
                                title="1 failed" 
                                                    href="#error_summary"
                                />
                    </td>
            </tr>
        </table>
    </td>
    <td>1</td>
    <td>0</td>
    <td>1</td>
    <td>0</td>
    <td>0</td>
    <td>0</td>

                </tr>
                <tr>
                    <td colspan="9" style="padding-left: 20px;"><div class="errorMessage">Error: Unexpected error. Sauce Labs Authentication Error.
You used username &#39;xiaolongchen&#39; and access key &#39;XXXXXXXX-XXXX-XXXX-XXXX-XXXX834edd2e&#39; to authenticate, which are not valid Sauce Labs credentials.

The following desired capabilities were received:
{&#39;AccessKey&#39;: &#39;XXXXXXXX-XXXX-XXXX-XXXX-XXXX834edd2e&#39;,
 &#39;Platform&#39;: &#39;Windows 10&#39;,
 &#39;Username&#39;: &#39;xiaolongchen&#39;,
 &#39;browserName&#39;: &#39;Chrome&#39;,
 &#39;name&#39;: &#39;Test&#39;,
 &#39;version&#39;: &#39;50.0&#39;}</div></td>
                </tr>
                <tr>
                    <td>
                        <a href="#t-1613415841.0">Test Saucelabs, Safari (in Selenium, login)</a>
                    </td>
                        <td>
            0%
    </td>
    <td>
        <table class="timelineview" cellpadding="0" cellspacing="0">
            <tr>
                    <td>
                        <a class="bar colorFailed" 
                                style="width: 199px;" 
                                title="1 failed" 
                                                    href="#error_summary"
                                />
                    </td>
            </tr>
        </table>
    </td>
    <td>1</td>
    <td>0</td>
    <td>1</td>
    <td>0</td>
    <td>0</td>
    <td>0</td>

                </tr>
                <tr>
                    <td colspan="9" style="padding-left: 20px;"><div class="errorMessage">Error: Unexpected error. Sauce Labs Authentication Error.
You used username &#39;xiaolongchen&#39; and access key &#39;XXXXXXXX-XXXX-XXXX-XXXX-XXXX834edd2e&#39; to authenticate, which are not valid Sauce Labs credentials.

The following desired capabilities were received:
{&#39;AccessKey&#39;: &#39;XXXXXXXX-XXXX-XXXX-XXXX-XXXX834edd2e&#39;,
 &#39;Platform&#39;: &#39;OS X 10.11&#39;,
 &#39;Username&#39;: &#39;xiaolongchen&#39;,
 &#39;browserName&#39;: &#39;Safari&#39;,
 &#39;name&#39;: &#39;Test&#39;,
 &#39;version&#39;: &#39;9.0&#39;}</div></td>
                </tr>
        </table>

        <h2>Scenario Summary</h2>
            <a name="f800353822" />
            <h3>Feature: login</h3>
            <table class="testEvents">
                    <tr>
            <th>Test</th>
        <th colspan="2">Success rate</th>
        <th>Tests</th>
        <th>Succeeded</th>
        <th>Failed</th>
        <th>Pending</th>
        <th>Ignored</th>
        <th>Skipped</th>
    </tr>

                    <tr>
                        <td>
                                    <a href="#t-978865324.0">Scenario: Verify the workflow of My account login</a>

                        </td>
                            <td>
            0%
    </td>
    <td>
        <table class="timelineview" cellpadding="0" cellspacing="0">
            <tr>
                    <td>
                        <a class="bar colorFailed" 
                                style="width: 199px;" 
                                title="1 failed" 
                                                    href="#error_summary"
                                />
                    </td>
            </tr>
        </table>
    </td>
    <td>1</td>
    <td>0</td>
    <td>1</td>
    <td>0</td>
    <td>0</td>
    <td>0</td>

                    </tr>
                    <tr>
                        <td>
                                    <a href="#t1689260415.0">Scenario: Verify the workflow of My account login failed</a>

                        </td>
                            <td>
            0%
    </td>
    <td>
        <table class="timelineview" cellpadding="0" cellspacing="0">
            <tr>
                    <td>
                        <a class="bar colorFailed" 
                                style="width: 199px;" 
                                title="1 failed" 
                                                    href="#error_summary"
                                />
                    </td>
            </tr>
        </table>
    </td>
    <td>1</td>
    <td>0</td>
    <td>1</td>
    <td>0</td>
    <td>0</td>
    <td>0</td>

                    </tr>
                    <tr>
                        <td>
                                    <a href="#t1379241740.0">Scenario: Verify the workflow of forgot password</a>

                        </td>
                            <td>
            0%
    </td>
    <td>
        <table class="timelineview" cellpadding="0" cellspacing="0">
            <tr>
                    <td>
                        <a class="bar colorFailed" 
                                style="width: 199px;" 
                                title="1 failed" 
                                                    href="#error_summary"
                                />
                    </td>
            </tr>
        </table>
    </td>
    <td>1</td>
    <td>0</td>
    <td>1</td>
    <td>0</td>
    <td>0</td>
    <td>0</td>

                    </tr>
                    <tr>
                        <td>
                                    <a href="#t406720823.0">Scenario: Verify the error email address of forgot password</a>

                        </td>
                            <td>
            0%
    </td>
    <td>
        <table class="timelineview" cellpadding="0" cellspacing="0">
            <tr>
                    <td>
                        <a class="bar colorFailed" 
                                style="width: 199px;" 
                                title="1 failed" 
                                                    href="#error_summary"
                                />
                    </td>
            </tr>
        </table>
    </td>
    <td>1</td>
    <td>0</td>
    <td>1</td>
    <td>0</td>
    <td>0</td>
    <td>0</td>

                    </tr>
                    <tr>
                        <td>
                                    <a href="#t-1129658326.0">Scenario: Verify the workflow of logout</a>

                        </td>
                            <td>
            0%
    </td>
    <td>
        <table class="timelineview" cellpadding="0" cellspacing="0">
            <tr>
                    <td>
                        <a class="bar colorFailed" 
                                style="width: 199px;" 
                                title="1 failed" 
                                                    href="#error_summary"
                                />
                    </td>
            </tr>
        </table>
    </td>
    <td>1</td>
    <td>0</td>
    <td>1</td>
    <td>0</td>
    <td>0</td>
    <td>0</td>

                    </tr>
                    <tr>
                        <td>
                                    <a href="#t-1297305753.0">Scenario: Verify no login account click Account Overview the jump to the login page</a>

                        </td>
                            <td>
            0%
    </td>
    <td>
        <table class="timelineview" cellpadding="0" cellspacing="0">
            <tr>
                    <td>
                        <a class="bar colorFailed" 
                                style="width: 199px;" 
                                title="1 failed" 
                                                    href="#error_summary"
                                />
                    </td>
            </tr>
        </table>
    </td>
    <td>1</td>
    <td>0</td>
    <td>1</td>
    <td>0</td>
    <td>0</td>
    <td>0</td>

                    </tr>
                    <tr>
                        <td>
                                    <a href="#t-717406088.0">Scenario: Test Selenium Grid</a>

                        </td>
                            <td>
            0%
    </td>
    <td>
        <table class="timelineview" cellpadding="0" cellspacing="0">
            <tr>
                    <td>
                        <a class="bar colorFailed" 
                                style="width: 199px;" 
                                title="1 failed" 
                                                    href="#error_summary"
                                />
                    </td>
            </tr>
        </table>
    </td>
    <td>1</td>
    <td>0</td>
    <td>1</td>
    <td>0</td>
    <td>0</td>
    <td>0</td>

                    </tr>
                    <tr>
                        <td>
                                    <a href="#t-2008298024.0">Scenario: Test Saucelabs, Firefox</a>

                        </td>
                            <td>
            0%
    </td>
    <td>
        <table class="timelineview" cellpadding="0" cellspacing="0">
            <tr>
                    <td>
                        <a class="bar colorFailed" 
                                style="width: 199px;" 
                                title="1 failed" 
                                                    href="#error_summary"
                                />
                    </td>
            </tr>
        </table>
    </td>
    <td>1</td>
    <td>0</td>
    <td>1</td>
    <td>0</td>
    <td>0</td>
    <td>0</td>

                    </tr>
                    <tr>
                        <td>
                                    <a href="#t-1936231809.0">Scenario: Test Saucelabs, Chrome</a>

                        </td>
                            <td>
            0%
    </td>
    <td>
        <table class="timelineview" cellpadding="0" cellspacing="0">
            <tr>
                    <td>
                        <a class="bar colorFailed" 
                                style="width: 199px;" 
                                title="1 failed" 
                                                    href="#error_summary"
                                />
                    </td>
            </tr>
        </table>
    </td>
    <td>1</td>
    <td>0</td>
    <td>1</td>
    <td>0</td>
    <td>0</td>
    <td>0</td>

                    </tr>
                    <tr>
                        <td>
                                    <a href="#t-1613415841.0">Scenario: Test Saucelabs, Safari</a>

                        </td>
                            <td>
            0%
    </td>
    <td>
        <table class="timelineview" cellpadding="0" cellspacing="0">
            <tr>
                    <td>
                        <a class="bar colorFailed" 
                                style="width: 199px;" 
                                title="1 failed" 
                                                    href="#error_summary"
                                />
                    </td>
            </tr>
        </table>
    </td>
    <td>1</td>
    <td>0</td>
    <td>1</td>
    <td>0</td>
    <td>0</td>
    <td>0</td>

                    </tr>
            </table>

        <h2>Execution Details</h2>
            <a name="t1379241740.0" />
            <h3>Scenario: Verify the workflow of forgot password (in Selenium, login)</h3>
                <div class="description">
                    tags: TestDILATO, TestCaseZenni-3, ForgotPassword
                </div>
            <ul>
                <li>Status: Failed</li>
                <li>Start time: 2016/12/9 14:07:02</li>
                <li>Execution time (sec): 171.1934058</li>
                <li>Thread: #4</li>
                <li>Error: The HTTP request to the remote WebDriver server for URL http://localhost:7057/hub/session/c5a42f6c-0330-4d9c-9554-89eaa00f3b01/element timed out after 60 seconds. -&gt; The request was aborted: The operation has timed out.</li>
            </ul>
            <table class="testEvents">
                <tr>
                    <th>Steps</th>
                    <th>Trace</th>
                    <th>Result</th>
                </tr>
                    <tr>
                        <td>
                            <pre class="log">Given I forward to the My account page</pre>
                        </td>
                        <td>
                            <!-- [TestArrange: Scenario - Verify the workflow of forgot password] -->
                            <pre class="log">Start the Firefox driver
Set implicitly wait timeout 30
Go to https://www.zennioptical.com
Find element By.XPath: //ul[@id=&#39;main-nav&#39;]/li[5]
Click at the element
Find element By.XPath: (//a[contains(text(),&#39;Login / Sign Up&#39;)])[2]
Click at the element
done: SpecFlowFeature1Steps.GivenIForwardToTheMyAccountPage() (106.6s)</pre>
                        </td>
                        <td>Succeeded in 106.848s</td>
                    </tr>
                    <tr>
                        <td>
                            <pre class="log">When I click the forgot your password button</pre>
                        </td>
                        <td>
                            <!-- [TestAct: Scenario - Verify the workflow of forgot password] -->
                            <pre class="log">Find element By.LinkText: exact:Forgot your password?
error: The HTTP request to the remote WebDriver server for URL http://localhost:7057/hub/session/c5a42f6c-0330-4d9c-9554-89eaa00f3b01/element timed out after 60 seconds.</pre>
                                <div class="errorMessage">The HTTP request to the remote WebDriver server for URL http://localhost:7057/hub/session/c5a42f6c-0330-4d9c-9554-89eaa00f3b01/element timed out after 60 seconds. -&gt; The request was aborted: The operation has timed out.</div>
                                <pre class="stackTrace">OpenQA.Selenium.WebDriverException: The HTTP request to the remote WebDriver server for URL http://localhost:7057/hub/session/c5a42f6c-0330-4d9c-9554-89eaa00f3b01/element timed out after 60 seconds. ---&gt; System.Net.WebException: The request was aborted: The operation has timed out.
   at System.Net.HttpWebRequest.GetResponse()
   at OpenQA.Selenium.Remote.HttpCommandExecutor.CreateResponse(WebRequest request)
   --- End of inner exception stack trace ---
   at OpenQA.Selenium.Remote.HttpCommandExecutor.CreateResponse(WebRequest request)
   at OpenQA.Selenium.Remote.HttpCommandExecutor.Execute(Command commandToExecute)
   at OpenQA.Selenium.Firefox.FirefoxDriverCommandExecutor.Execute(Command commandToExecute)
   at OpenQA.Selenium.Remote.RemoteWebDriver.Execute(String driverCommandToExecute, Dictionary`2 parameters)
   at OpenQA.Selenium.Remote.RemoteWebDriver.FindElement(String mechanism, String value)
   at MyDriver.WebDriver.FindElement(By by) in d:\0\-Selenium\MyDriver\WebDriver.cs:line 53
   at PageObject.LoginPage.get_ForgotPassWord() in c:\Users\Administrator\Desktop\Selenium\PageObject\LoginPage.cs:line 59
   at Selenium.SpecRun.SpecFlowFeature1Steps.WhenIClickTheForgotYourPasswordButton() in c:\Users\Administrator\Desktop\Selenium\Selenium\SpecRun\SpecFlowFeature1Steps.cs:line 86
   at TechTalk.SpecFlow.Bindings.BindingInvoker.InvokeBinding(IBinding binding, IContextManager contextManager, Object[] arguments, ITestTracer testTracer, TimeSpan&amp; duration)
   at TechTalk.SpecFlow.Infrastructure.TestExecutionEngine.ExecuteStepMatch(BindingMatch match, Object[] arguments)
   at TechTalk.SpecFlow.Infrastructure.TestExecutionEngine.ExecuteStep(StepInstance stepInstance)
   at TechTalk.SpecFlow.Infrastructure.TestExecutionEngine.OnAfterLastStep()
   at Selenium.SpecRun.LoginFeature.ScenarioCleanup() in c:\Users\Administrator\Desktop\Selenium\Selenium\SpecRun\SpecFlowFeature1.feature.cs:line 0
   at Selenium.SpecRun.LoginFeature.VerifyTheWorkflowOfForgotPassword() in c:\Users\Administrator\Desktop\Selenium\Selenium\SpecRun\SpecFlowFeature1.feature:line 25
   at TechTalk.SpecRun.Framework.TaskExecutors.StaticOrInstanceMethodExecutor.ExecuteInternal(ITestThreadExecutionContext testThreadExecutionContext)
   at TechTalk.SpecRun.Framework.TestAssemblyExecutor.ExecuteTestNodeTask(TestNode testNode, ITaskExecutor task, TraceEventType eventType)</pre>
                        </td>
                        <td>Failed in 60.486s</td>
                    </tr>
                    <tr>
                        <td>
                            <pre class="log">And I fill in valid email address and reset password</pre>
                        </td>
                        <td>
                            <!-- [TestAct: Scenario - Verify the workflow of forgot password] -->
                            <pre class="log">skipped because of previous errors</pre>
                        </td>
                        <td>Skipped in 0.004s</td>
                    </tr>
                    <tr>
                        <td>
                            <pre class="log">Then The Prompt message appears</pre>
                        </td>
                        <td>
                            <!-- [TestAssert: Scenario - Verify the workflow of forgot password] -->
                            <pre class="log">skipped because of previous errors</pre>
                        </td>
                        <td>Skipped in 0.02s</td>
                    </tr>
                    <tr>
                        <td>
                            <pre class="log"></pre>
                        </td>
                        <td>
                            <!-- [Cleanup: Scenario - Verify the workflow of forgot password] -->
                            <pre class="log">Quit the driver</pre>
                        </td>
                        <td>Succeeded in 2.897s</td>
                    </tr>
            </table>
            <a name="t406720823.0" />
            <h3>Scenario: Verify the error email address of forgot password (in Selenium, login)</h3>
                <div class="description">
                    tags: TestDILATO, TestCaseZenni-4, ForgotPassword
                </div>
            <ul>
                <li>Status: Failed</li>
                <li>Start time: 2016/12/9 14:07:02</li>
                <li>Execution time (sec): 86.0628681</li>
                <li>Thread: #2</li>
                <li>Error: The HTTP request to the remote WebDriver server for URL http://localhost:7055/hub/session/faba53fc-3cb7-4f56-b282-daf131c73d5b/element timed out after 60 seconds. -&gt; The request was aborted: The operation has timed out.</li>
            </ul>
            <table class="testEvents">
                <tr>
                    <th>Steps</th>
                    <th>Trace</th>
                    <th>Result</th>
                </tr>
                    <tr>
                        <td>
                            <pre class="log">Given I forward to the My account page</pre>
                        </td>
                        <td>
                            <!-- [TestArrange: Scenario - Verify the error email address of forgot password] -->
                            <pre class="log">Start the Firefox driver
Set implicitly wait timeout 30
Go to https://www.zennioptical.com
Find element By.XPath: //ul[@id=&#39;main-nav&#39;]/li[5]
error: The HTTP request to the remote WebDriver server for URL http://localhost:7055/hub/session/faba53fc-3cb7-4f56-b282-daf131c73d5b/element timed out after 60 seconds.</pre>
                                <div class="errorMessage">The HTTP request to the remote WebDriver server for URL http://localhost:7055/hub/session/faba53fc-3cb7-4f56-b282-daf131c73d5b/element timed out after 60 seconds. -&gt; The request was aborted: The operation has timed out.</div>
                                <pre class="stackTrace">OpenQA.Selenium.WebDriverException: The HTTP request to the remote WebDriver server for URL http://localhost:7055/hub/session/faba53fc-3cb7-4f56-b282-daf131c73d5b/element timed out after 60 seconds. ---&gt; System.Net.WebException: The request was aborted: The operation has timed out.
   at System.Net.HttpWebRequest.GetResponse()
   at OpenQA.Selenium.Remote.HttpCommandExecutor.CreateResponse(WebRequest request)
   --- End of inner exception stack trace ---
   at OpenQA.Selenium.Remote.HttpCommandExecutor.CreateResponse(WebRequest request)
   at OpenQA.Selenium.Remote.HttpCommandExecutor.Execute(Command commandToExecute)
   at OpenQA.Selenium.Firefox.FirefoxDriverCommandExecutor.Execute(Command commandToExecute)
   at OpenQA.Selenium.Remote.RemoteWebDriver.Execute(String driverCommandToExecute, Dictionary`2 parameters)
   at OpenQA.Selenium.Remote.RemoteWebDriver.FindElement(String mechanism, String value)
   at MyDriver.WebDriver.FindElement(By by) in d:\0\-Selenium\MyDriver\WebDriver.cs:line 53
   at PageObject.HomePage.get_MyAccount() in c:\Users\Administrator\Desktop\Selenium\PageObject\HomePage.cs:line 20
   at Selenium.SpecRun.SpecFlowFeature1Steps.GivenIForwardToTheMyAccountPage() in c:\Users\Administrator\Desktop\Selenium\Selenium\SpecRun\SpecFlowFeature1Steps.cs:line 41
   at TechTalk.SpecFlow.Bindings.BindingInvoker.InvokeBinding(IBinding binding, IContextManager contextManager, Object[] arguments, ITestTracer testTracer, TimeSpan&amp; duration)
   at TechTalk.SpecFlow.Infrastructure.TestExecutionEngine.ExecuteStepMatch(BindingMatch match, Object[] arguments)
   at TechTalk.SpecFlow.Infrastructure.TestExecutionEngine.ExecuteStep(StepInstance stepInstance)
   at TechTalk.SpecFlow.Infrastructure.TestExecutionEngine.OnAfterLastStep()
   at Selenium.SpecRun.LoginFeature.ScenarioCleanup() in c:\Users\Administrator\Desktop\Selenium\Selenium\SpecRun\SpecFlowFeature1.feature.cs:line 0
   at Selenium.SpecRun.LoginFeature.VerifyTheErrorEmailAddressOfForgotPassword() in c:\Users\Administrator\Desktop\Selenium\Selenium\SpecRun\SpecFlowFeature1.feature:line 33
   at TechTalk.SpecRun.Framework.TaskExecutors.StaticOrInstanceMethodExecutor.ExecuteInternal(ITestThreadExecutionContext testThreadExecutionContext)
   at TechTalk.SpecRun.Framework.TestAssemblyExecutor.ExecuteTestNodeTask(TestNode testNode, ITaskExecutor task, TraceEventType eventType)</pre>
                        </td>
                        <td>Failed in 82.236s</td>
                    </tr>
                    <tr>
                        <td>
                            <pre class="log">When I click the forgot your password button</pre>
                        </td>
                        <td>
                            <!-- [TestAct: Scenario - Verify the error email address of forgot password] -->
                            <pre class="log">skipped because of previous errors</pre>
                        </td>
                        <td>Skipped in 0.002s</td>
                    </tr>
                    <tr>
                        <td>
                            <pre class="log">And I fill in error email address and reset password</pre>
                        </td>
                        <td>
                            <!-- [TestAct: Scenario - Verify the error email address of forgot password] -->
                            <pre class="log">skipped because of previous errors</pre>
                        </td>
                        <td>Skipped in 0.001s</td>
                    </tr>
                    <tr>
                        <td>
                            <pre class="log">Then The error popup occurred and reset password failed</pre>
                        </td>
                        <td>
                            <!-- [TestAssert: Scenario - Verify the error email address of forgot password] -->
                            <pre class="log">skipped because of previous errors</pre>
                        </td>
                        <td>Skipped in 0.016s</td>
                    </tr>
                    <tr>
                        <td>
                            <pre class="log"></pre>
                        </td>
                        <td>
                            <!-- [Cleanup: Scenario - Verify the error email address of forgot password] -->
                            <pre class="log">Quit the driver</pre>
                        </td>
                        <td>Succeeded in 2.888s</td>
                    </tr>
            </table>
            <a name="t1689260415.0" />
            <h3>Scenario: Verify the workflow of My account login failed (in Selenium, login)</h3>
                <div class="description">
                    tags: TestDILATO, TestCaseZenni-2, loginCases
                </div>
            <ul>
                <li>Status: Failed</li>
                <li>Start time: 2016/12/9 14:07:02</li>
                <li>Execution time (sec): 47.6155812</li>
                <li>Thread: #0</li>
                <li>Error: Unable to bind to locking port 7054 within 45000 milliseconds</li>
            </ul>
            <table class="testEvents">
                <tr>
                    <th>Steps</th>
                    <th>Trace</th>
                    <th>Result</th>
                </tr>
                    <tr>
                        <td>
                            <pre class="log">Given I forward to the My account page</pre>
                        </td>
                        <td>
                            <!-- [TestArrange: Scenario - Verify the workflow of My account login failed] -->
                            <pre class="log">Start the Firefox driver
error: Unable to bind to locking port 7054 within 45000 milliseconds</pre>
                                <div class="errorMessage">Unable to bind to locking port 7054 within 45000 milliseconds</div>
                                <pre class="stackTrace">OpenQA.Selenium.WebDriverException: Unable to bind to locking port 7054 within 45000 milliseconds
   at OpenQA.Selenium.Firefox.Internal.SocketLock.LockObject(TimeSpan timeout)
   at OpenQA.Selenium.Firefox.FirefoxDriverServer.Start()
   at OpenQA.Selenium.Firefox.FirefoxDriverCommandExecutor.Execute(Command commandToExecute)
   at OpenQA.Selenium.Remote.RemoteWebDriver.Execute(String driverCommandToExecute, Dictionary`2 parameters)
   at OpenQA.Selenium.Remote.RemoteWebDriver.StartSession(ICapabilities desiredCapabilities)
   at OpenQA.Selenium.Remote.RemoteWebDriver..ctor(ICommandExecutor commandExecutor, ICapabilities desiredCapabilities)
   at OpenQA.Selenium.Firefox.FirefoxDriver..ctor(FirefoxBinary binary, FirefoxProfile profile)
   at MyDriver.WebDriver..ctor(Browser browser, Int32 timeoutSecond) in d:\0\-Selenium\MyDriver\WebDriver.cs:line 21
   at Selenium.SpecRun.SpecFlowFeature1Steps.GivenIForwardToTheMyAccountPage() in c:\Users\Administrator\Desktop\Selenium\Selenium\SpecRun\SpecFlowFeature1Steps.cs:line 31
   at TechTalk.SpecFlow.Bindings.BindingInvoker.InvokeBinding(IBinding binding, IContextManager contextManager, Object[] arguments, ITestTracer testTracer, TimeSpan&amp; duration)
   at TechTalk.SpecFlow.Infrastructure.TestExecutionEngine.ExecuteStepMatch(BindingMatch match, Object[] arguments)
   at TechTalk.SpecFlow.Infrastructure.TestExecutionEngine.ExecuteStep(StepInstance stepInstance)
   at TechTalk.SpecFlow.Infrastructure.TestExecutionEngine.OnAfterLastStep()
   at Selenium.SpecRun.LoginFeature.ScenarioCleanup() in c:\Users\Administrator\Desktop\Selenium\Selenium\SpecRun\SpecFlowFeature1.feature.cs:line 0
   at Selenium.SpecRun.LoginFeature.VerifyTheWorkflowOfMyAccountLoginFailed() in c:\Users\Administrator\Desktop\Selenium\Selenium\SpecRun\SpecFlowFeature1.feature:line 17
   at TechTalk.SpecRun.Framework.TaskExecutors.StaticOrInstanceMethodExecutor.ExecuteInternal(ITestThreadExecutionContext testThreadExecutionContext)
   at TechTalk.SpecRun.Framework.TestAssemblyExecutor.ExecuteTestNodeTask(TestNode testNode, ITaskExecutor task, TraceEventType eventType)</pre>
                        </td>
                        <td>Failed in 46.681s</td>
                    </tr>
                    <tr>
                        <td>
                            <pre class="log">When I fill in all the error value on the screen and login</pre>
                        </td>
                        <td>
                            <!-- [TestAct: Scenario - Verify the workflow of My account login failed] -->
                            <pre class="log">skipped because of previous errors</pre>
                        </td>
                        <td>Skipped in 0.001s</td>
                    </tr>
                    <tr>
                        <td>
                            <pre class="log">Then The error popup occurred and login failed</pre>
                        </td>
                        <td>
                            <!-- [TestAssert: Scenario - Verify the workflow of My account login failed] -->
                            <pre class="log">skipped because of previous errors</pre>
                        </td>
                        <td>Skipped in 0.009s</td>
                    </tr>
                    <tr>
                        <td>
                            <pre class="log"></pre>
                        </td>
                        <td>
                            <!-- [Cleanup: Scenario - Verify the workflow of My account login failed] -->
                            <pre class="log"></pre>
                                <div class="errorMessage">Object reference not set to an instance of an object.</div>
                                <pre class="stackTrace">System.NullReferenceException: Object reference not set to an instance of an object.
   at Selenium.SpecRun.SpecFlowFeature1Steps.AfterScenario() in c:\Users\Administrator\Desktop\Selenium\Selenium\SpecRun\SpecFlowFeature1Steps.cs:line 234
   at TechTalk.SpecFlow.Bindings.BindingInvoker.InvokeBinding(IBinding binding, IContextManager contextManager, Object[] arguments, ITestTracer testTracer, TimeSpan&amp; duration)
   at TechTalk.SpecFlow.Infrastructure.TestExecutionEngine.FireEvents(HookType bindingEvent)
   at TechTalk.SpecFlow.Infrastructure.TestExecutionEngine.OnScenarioEnd()
   at Selenium.SpecRun.LoginFeature.ScenarioTearDown() in c:\Users\Administrator\Desktop\Selenium\Selenium\SpecRun\SpecFlowFeature1.feature.cs:line 0
   at TechTalk.SpecRun.Framework.TaskExecutors.StaticOrInstanceMethodExecutor.ExecuteInternal(ITestThreadExecutionContext testThreadExecutionContext)
   at TechTalk.SpecRun.Framework.TestAssemblyExecutor.ExecuteTestNodeTask(TestNode testNode, ITaskExecutor task, TraceEventType eventType)</pre>
                        </td>
                        <td>Failed in 0.007s</td>
                    </tr>
            </table>
            <a name="t-1129658326.0" />
            <h3>Scenario: Verify the workflow of logout (in Selenium, login)</h3>
                <div class="description">
                    tags: TestDILATO, TestCaseZenni-5, Logout
                </div>
            <ul>
                <li>Status: Failed</li>
                <li>Start time: 2016/12/9 14:07:02</li>
                <li>Execution time (sec): 1.2939004</li>
                <li>Thread: #1</li>
                <li>Error: The process cannot access the file &#39;C:\Users\Administrator\Desktop\Selenium\Selenium\bin\Debug\2016-12-09-14-07-03-76-logFile.txt&#39; because it is being used by another process.</li>
            </ul>
            <table class="testEvents">
                <tr>
                    <th>Steps</th>
                    <th>Trace</th>
                    <th>Result</th>
                </tr>
                    <tr>
                        <td>
                            <pre class="log">Given I forward to the My account page</pre>
                        </td>
                        <td>
                            <!-- [TestArrange: Scenario - Verify the workflow of logout] -->
                            <pre class="log">error: The process cannot access the file &#39;C:\Users\Administrator\Desktop\Selenium\Selenium\bin\Debug\2016-12-09-14-07-03-76-logFile.txt&#39; because it is being used by another process.</pre>
                                <div class="errorMessage">The process cannot access the file &#39;C:\Users\Administrator\Desktop\Selenium\Selenium\bin\Debug\2016-12-09-14-07-03-76-logFile.txt&#39; because it is being used by another process.</div>
                                <pre class="stackTrace">System.IO.IOException: The process cannot access the file &#39;C:\Users\Administrator\Desktop\Selenium\Selenium\bin\Debug\2016-12-09-14-07-03-76-logFile.txt&#39; because it is being used by another process.
   at System.IO.__Error.WinIOError(Int32 errorCode, String maybeFullPath)
   at System.IO.FileStream.Init(String path, FileMode mode, FileAccess access, Int32 rights, Boolean useRights, FileShare share, Int32 bufferSize, FileOptions options, SECURITY_ATTRIBUTES secAttrs, String msgPath, Boolean bFromProxy, Boolean useLongPath, Boolean checkHost)
   at System.IO.FileStream..ctor(String path, FileMode mode, FileAccess access, FileShare share, Int32 bufferSize, FileOptions options, String msgPath, Boolean bFromProxy, Boolean useLongPath, Boolean checkHost)
   at System.IO.StreamWriter.CreateFile(String path, Boolean append, Boolean checkHost)
   at System.IO.StreamWriter..ctor(String path, Boolean append, Encoding encoding, Int32 bufferSize, Boolean checkHost)
   at System.IO.StreamWriter..ctor(String path, Boolean append)
   at Support.Log.AppendLogfile(String value) in d:\0\-Selenium\Support\Log.cs:line 30
   at Support.Log.DoLog(String logDetail) in d:\0\-Selenium\Support\Log.cs:line 12
   at MyDriver.WebDriver..ctor(Browser browser, Int32 timeoutSecond) in d:\0\-Selenium\MyDriver\WebDriver.cs:line 17
   at Selenium.SpecRun.SpecFlowFeature1Steps.GivenIForwardToTheMyAccountPage() in c:\Users\Administrator\Desktop\Selenium\Selenium\SpecRun\SpecFlowFeature1Steps.cs:line 31
   at TechTalk.SpecFlow.Bindings.BindingInvoker.InvokeBinding(IBinding binding, IContextManager contextManager, Object[] arguments, ITestTracer testTracer, TimeSpan&amp; duration)
   at TechTalk.SpecFlow.Infrastructure.TestExecutionEngine.ExecuteStepMatch(BindingMatch match, Object[] arguments)
   at TechTalk.SpecFlow.Infrastructure.TestExecutionEngine.ExecuteStep(StepInstance stepInstance)
   at TechTalk.SpecFlow.Infrastructure.TestExecutionEngine.OnAfterLastStep()
   at Selenium.SpecRun.LoginFeature.ScenarioCleanup() in c:\Users\Administrator\Desktop\Selenium\Selenium\SpecRun\SpecFlowFeature1.feature.cs:line 0
   at Selenium.SpecRun.LoginFeature.VerifyTheWorkflowOfLogout() in c:\Users\Administrator\Desktop\Selenium\Selenium\SpecRun\SpecFlowFeature1.feature:line 42
   at TechTalk.SpecRun.Framework.TaskExecutors.StaticOrInstanceMethodExecutor.ExecuteInternal(ITestThreadExecutionContext testThreadExecutionContext)
   at TechTalk.SpecRun.Framework.TestAssemblyExecutor.ExecuteTestNodeTask(TestNode testNode, ITaskExecutor task, TraceEventType eventType)</pre>
                        </td>
                        <td>Failed in 0.33s</td>
                    </tr>
                    <tr>
                        <td>
                            <pre class="log">And log in my account</pre>
                        </td>
                        <td>
                            <!-- [TestArrange: Scenario - Verify the workflow of logout] -->
                            <pre class="log">skipped because of previous errors</pre>
                        </td>
                        <td>Skipped in 0.001s</td>
                    </tr>
                    <tr>
                        <td>
                            <pre class="log">When I click the my account button</pre>
                        </td>
                        <td>
                            <!-- [TestAct: Scenario - Verify the workflow of logout] -->
                            <pre class="log">skipped because of previous errors</pre>
                        </td>
                        <td>Skipped in 0s</td>
                    </tr>
                    <tr>
                        <td>
                            <pre class="log">And I click the sign out button</pre>
                        </td>
                        <td>
                            <!-- [TestAct: Scenario - Verify the workflow of logout] -->
                            <pre class="log">skipped because of previous errors</pre>
                        </td>
                        <td>Skipped in 0.001s</td>
                    </tr>
                    <tr>
                        <td>
                            <pre class="log">Then The account sign out successful</pre>
                        </td>
                        <td>
                            <!-- [TestAssert: Scenario - Verify the workflow of logout] -->
                            <pre class="log">skipped because of previous errors</pre>
                        </td>
                        <td>Skipped in 0.01s</td>
                    </tr>
                    <tr>
                        <td>
                            <pre class="log"></pre>
                        </td>
                        <td>
                            <!-- [Cleanup: Scenario - Verify the workflow of logout] -->
                            <pre class="log"></pre>
                                <div class="errorMessage">Object reference not set to an instance of an object.</div>
                                <pre class="stackTrace">System.NullReferenceException: Object reference not set to an instance of an object.
   at Selenium.SpecRun.SpecFlowFeature1Steps.AfterScenario() in c:\Users\Administrator\Desktop\Selenium\Selenium\SpecRun\SpecFlowFeature1Steps.cs:line 234
   at TechTalk.SpecFlow.Bindings.BindingInvoker.InvokeBinding(IBinding binding, IContextManager contextManager, Object[] arguments, ITestTracer testTracer, TimeSpan&amp; duration)
   at TechTalk.SpecFlow.Infrastructure.TestExecutionEngine.FireEvents(HookType bindingEvent)
   at TechTalk.SpecFlow.Infrastructure.TestExecutionEngine.OnScenarioEnd()
   at Selenium.SpecRun.LoginFeature.ScenarioTearDown() in c:\Users\Administrator\Desktop\Selenium\Selenium\SpecRun\SpecFlowFeature1.feature.cs:line 0
   at TechTalk.SpecRun.Framework.TaskExecutors.StaticOrInstanceMethodExecutor.ExecuteInternal(ITestThreadExecutionContext testThreadExecutionContext)
   at TechTalk.SpecRun.Framework.TestAssemblyExecutor.ExecuteTestNodeTask(TestNode testNode, ITaskExecutor task, TraceEventType eventType)</pre>
                        </td>
                        <td>Failed in 0.004s</td>
                    </tr>
            </table>
            <a name="t-978865324.0" />
            <h3>Scenario: Verify the workflow of My account login (in Selenium, login)</h3>
                <div class="description">
                    tags: TestDILATO, TestCaseZenni-1, loginCases
                </div>
            <ul>
                <li>Status: Failed</li>
                <li>Start time: 2016/12/9 14:07:02</li>
                <li>Execution time (sec): 151.1873001</li>
                <li>Thread: #3</li>
                <li>Error: The HTTP request to the remote WebDriver server for URL http://localhost:7056/hub/session/0ff96f47-d912-4550-a1fe-4224a4351d5b/element timed out after 60 seconds. -&gt; The request was aborted: The operation has timed out.</li>
            </ul>
            <table class="testEvents">
                <tr>
                    <th>Steps</th>
                    <th>Trace</th>
                    <th>Result</th>
                </tr>
                    <tr>
                        <td>
                            <pre class="log">Given I forward to the My account page</pre>
                        </td>
                        <td>
                            <!-- [TestArrange: Scenario - Verify the workflow of My account login] -->
                            <pre class="log">Start the Firefox driver
Set implicitly wait timeout 30
Go to https://www.zennioptical.com
Find element By.XPath: //ul[@id=&#39;main-nav&#39;]/li[5]
Click at the element
Find element By.XPath: (//a[contains(text(),&#39;Login / Sign Up&#39;)])[2]
Click at the element
done: SpecFlowFeature1Steps.GivenIForwardToTheMyAccountPage() (87.6s)</pre>
                        </td>
                        <td>Succeeded in 87.89s</td>
                    </tr>
                    <tr>
                        <td>
                            <pre class="log">When I fill in all the necessary value on the screen and login</pre>
                        </td>
                        <td>
                            <!-- [TestAct: Scenario - Verify the workflow of My account login] -->
                            <pre class="log">Find element By.Id: signIn_email
error: The HTTP request to the remote WebDriver server for URL http://localhost:7056/hub/session/0ff96f47-d912-4550-a1fe-4224a4351d5b/element timed out after 60 seconds.</pre>
                                <div class="errorMessage">The HTTP request to the remote WebDriver server for URL http://localhost:7056/hub/session/0ff96f47-d912-4550-a1fe-4224a4351d5b/element timed out after 60 seconds. -&gt; The request was aborted: The operation has timed out.</div>
                                <pre class="stackTrace">OpenQA.Selenium.WebDriverException: The HTTP request to the remote WebDriver server for URL http://localhost:7056/hub/session/0ff96f47-d912-4550-a1fe-4224a4351d5b/element timed out after 60 seconds. ---&gt; System.Net.WebException: The request was aborted: The operation has timed out.
   at System.Net.HttpWebRequest.GetResponse()
   at OpenQA.Selenium.Remote.HttpCommandExecutor.CreateResponse(WebRequest request)
   --- End of inner exception stack trace ---
   at OpenQA.Selenium.Remote.HttpCommandExecutor.CreateResponse(WebRequest request)
   at OpenQA.Selenium.Remote.HttpCommandExecutor.Execute(Command commandToExecute)
   at OpenQA.Selenium.Firefox.FirefoxDriverCommandExecutor.Execute(Command commandToExecute)
   at OpenQA.Selenium.Remote.RemoteWebDriver.Execute(String driverCommandToExecute, Dictionary`2 parameters)
   at OpenQA.Selenium.Remote.RemoteWebDriver.FindElement(String mechanism, String value)
   at MyDriver.WebDriver.FindElement(By by) in d:\0\-Selenium\MyDriver\WebDriver.cs:line 53
   at PageObject.LoginPage.get_Email() in c:\Users\Administrator\Desktop\Selenium\PageObject\LoginPage.cs:line 34
   at PageObject.LoginPage.login(String email, String password) in c:\Users\Administrator\Desktop\Selenium\PageObject\LoginPage.cs:line 79
   at Selenium.SpecRun.SpecFlowFeature1Steps.WhenIFillInAllTheNecessaryValueOnTheScreenAndLogin() in c:\Users\Administrator\Desktop\Selenium\Selenium\SpecRun\SpecFlowFeature1Steps.cs:line 51
   at TechTalk.SpecFlow.Bindings.BindingInvoker.InvokeBinding(IBinding binding, IContextManager contextManager, Object[] arguments, ITestTracer testTracer, TimeSpan&amp; duration)
   at TechTalk.SpecFlow.Infrastructure.TestExecutionEngine.ExecuteStepMatch(BindingMatch match, Object[] arguments)
   at TechTalk.SpecFlow.Infrastructure.TestExecutionEngine.ExecuteStep(StepInstance stepInstance)
   at TechTalk.SpecFlow.Infrastructure.TestExecutionEngine.OnAfterLastStep()
   at Selenium.SpecRun.LoginFeature.ScenarioCleanup() in c:\Users\Administrator\Desktop\Selenium\Selenium\SpecRun\SpecFlowFeature1.feature.cs:line 0
   at Selenium.SpecRun.LoginFeature.VerifyTheWorkflowOfMyAccountLogin() in c:\Users\Administrator\Desktop\Selenium\Selenium\SpecRun\SpecFlowFeature1.feature:line 10
   at TechTalk.SpecRun.Framework.TaskExecutors.StaticOrInstanceMethodExecutor.ExecuteInternal(ITestThreadExecutionContext testThreadExecutionContext)
   at TechTalk.SpecRun.Framework.TestAssemblyExecutor.ExecuteTestNodeTask(TestNode testNode, ITaskExecutor task, TraceEventType eventType)</pre>
                        </td>
                        <td>Failed in 60.145s</td>
                    </tr>
                    <tr>
                        <td>
                            <pre class="log">Then The account Login successful</pre>
                        </td>
                        <td>
                            <!-- [TestAssert: Scenario - Verify the workflow of My account login] -->
                            <pre class="log">skipped because of previous errors</pre>
                        </td>
                        <td>Skipped in 0.008s</td>
                    </tr>
                    <tr>
                        <td>
                            <pre class="log"></pre>
                        </td>
                        <td>
                            <!-- [Cleanup: Scenario - Verify the workflow of My account login] -->
                            <pre class="log">Quit the driver</pre>
                        </td>
                        <td>Succeeded in 2.239s</td>
                    </tr>
            </table>
            <a name="t-1297305753.0" />
            <h3>Scenario: Verify no login account click Account Overview the jump to the login page (in Selenium, login)</h3>
                <div class="description">
                    tags: TestDILATO, TestCaseZenni-6, Logout
                </div>
            <ul>
                <li>Status: Failed</li>
                <li>Start time: 2016/12/9 14:07:03</li>
                <li>Execution time (sec): 45.5811813</li>
                <li>Thread: #1</li>
                <li>Error: Unable to bind to locking port 7054 within 45000 milliseconds</li>
            </ul>
            <table class="testEvents">
                <tr>
                    <th>Steps</th>
                    <th>Trace</th>
                    <th>Result</th>
                </tr>
                    <tr>
                        <td>
                            <pre class="log"></pre>
                        </td>
                        <td>
                            <!-- [TestArrange: Scenario - Verify no login account click Account Overview the jump to the login page] -->
                            <pre class="log">warning: The previous ScenarioContext was not disposed.</pre>
                        </td>
                        <td>Succeeded in 0.045s</td>
                    </tr>
                    <tr>
                        <td>
                            <pre class="log">Given I forward to the My account page</pre>
                        </td>
                        <td>
                            <!-- [TestArrange: Scenario - Verify no login account click Account Overview the jump to the login page] -->
                            <pre class="log">Start the Firefox driver
error: Unable to bind to locking port 7054 within 45000 milliseconds</pre>
                                <div class="errorMessage">Unable to bind to locking port 7054 within 45000 milliseconds</div>
                                <pre class="stackTrace">OpenQA.Selenium.WebDriverException: Unable to bind to locking port 7054 within 45000 milliseconds
   at OpenQA.Selenium.Firefox.Internal.SocketLock.LockObject(TimeSpan timeout)
   at OpenQA.Selenium.Firefox.FirefoxDriverServer.Start()
   at OpenQA.Selenium.Firefox.FirefoxDriverCommandExecutor.Execute(Command commandToExecute)
   at OpenQA.Selenium.Remote.RemoteWebDriver.Execute(String driverCommandToExecute, Dictionary`2 parameters)
   at OpenQA.Selenium.Remote.RemoteWebDriver.StartSession(ICapabilities desiredCapabilities)
   at OpenQA.Selenium.Remote.RemoteWebDriver..ctor(ICommandExecutor commandExecutor, ICapabilities desiredCapabilities)
   at OpenQA.Selenium.Firefox.FirefoxDriver..ctor(FirefoxBinary binary, FirefoxProfile profile)
   at MyDriver.WebDriver..ctor(Browser browser, Int32 timeoutSecond) in d:\0\-Selenium\MyDriver\WebDriver.cs:line 21
   at Selenium.SpecRun.SpecFlowFeature1Steps.GivenIForwardToTheMyAccountPage() in c:\Users\Administrator\Desktop\Selenium\Selenium\SpecRun\SpecFlowFeature1Steps.cs:line 31
   at TechTalk.SpecFlow.Bindings.BindingInvoker.InvokeBinding(IBinding binding, IContextManager contextManager, Object[] arguments, ITestTracer testTracer, TimeSpan&amp; duration)
   at TechTalk.SpecFlow.Infrastructure.TestExecutionEngine.ExecuteStepMatch(BindingMatch match, Object[] arguments)
   at TechTalk.SpecFlow.Infrastructure.TestExecutionEngine.ExecuteStep(StepInstance stepInstance)
   at TechTalk.SpecFlow.Infrastructure.TestExecutionEngine.OnAfterLastStep()
   at Selenium.SpecRun.LoginFeature.ScenarioCleanup() in c:\Users\Administrator\Desktop\Selenium\Selenium\SpecRun\SpecFlowFeature1.feature.cs:line 0
   at Selenium.SpecRun.LoginFeature.VerifyNoLoginAccountClickAccountOverviewTheJumpToTheLoginPage() in c:\Users\Administrator\Desktop\Selenium\Selenium\SpecRun\SpecFlowFeature1.feature:line 50
   at TechTalk.SpecRun.Framework.TaskExecutors.StaticOrInstanceMethodExecutor.ExecuteInternal(ITestThreadExecutionContext testThreadExecutionContext)
   at TechTalk.SpecRun.Framework.TestAssemblyExecutor.ExecuteTestNodeTask(TestNode testNode, ITaskExecutor task, TraceEventType eventType)</pre>
                        </td>
                        <td>Failed in 45.534s</td>
                    </tr>
                    <tr>
                        <td>
                            <pre class="log">When I click the my account button</pre>
                        </td>
                        <td>
                            <!-- [TestAct: Scenario - Verify no login account click Account Overview the jump to the login page] -->
                            <pre class="log">skipped because of previous errors</pre>
                        </td>
                        <td>Skipped in 0s</td>
                    </tr>
                    <tr>
                        <td>
                            <pre class="log">And I click the Account Overview button</pre>
                        </td>
                        <td>
                            <!-- [TestAct: Scenario - Verify no login account click Account Overview the jump to the login page] -->
                            <pre class="log">skipped because of previous errors</pre>
                        </td>
                        <td>Skipped in 0s</td>
                    </tr>
                    <tr>
                        <td>
                            <pre class="log">Then The jump to login page</pre>
                        </td>
                        <td>
                            <!-- [TestAssert: Scenario - Verify no login account click Account Overview the jump to the login page] -->
                            <pre class="log">skipped because of previous errors</pre>
                        </td>
                        <td>Skipped in 0s</td>
                    </tr>
                    <tr>
                        <td>
                            <pre class="log"></pre>
                        </td>
                        <td>
                            <!-- [Cleanup: Scenario - Verify no login account click Account Overview the jump to the login page] -->
                            <pre class="log"></pre>
                                <div class="errorMessage">Object reference not set to an instance of an object.</div>
                                <pre class="stackTrace">System.NullReferenceException: Object reference not set to an instance of an object.
   at Selenium.SpecRun.SpecFlowFeature1Steps.AfterScenario() in c:\Users\Administrator\Desktop\Selenium\Selenium\SpecRun\SpecFlowFeature1Steps.cs:line 234
   at TechTalk.SpecFlow.Bindings.BindingInvoker.InvokeBinding(IBinding binding, IContextManager contextManager, Object[] arguments, ITestTracer testTracer, TimeSpan&amp; duration)
   at TechTalk.SpecFlow.Infrastructure.TestExecutionEngine.FireEvents(HookType bindingEvent)
   at TechTalk.SpecFlow.Infrastructure.TestExecutionEngine.OnScenarioEnd()
   at Selenium.SpecRun.LoginFeature.ScenarioTearDown() in c:\Users\Administrator\Desktop\Selenium\Selenium\SpecRun\SpecFlowFeature1.feature.cs:line 0
   at TechTalk.SpecRun.Framework.TaskExecutors.StaticOrInstanceMethodExecutor.ExecuteInternal(ITestThreadExecutionContext testThreadExecutionContext)
   at TechTalk.SpecRun.Framework.TestAssemblyExecutor.ExecuteTestNodeTask(TestNode testNode, ITaskExecutor task, TraceEventType eventType)</pre>
                        </td>
                        <td>Failed in 0.001s</td>
                    </tr>
            </table>
            <a name="t-717406088.0" />
            <h3>Scenario: Test Selenium Grid (in Selenium, login)</h3>
                <div class="description">
                    tags: TestDILATO, Selenium-Grid
                </div>
            <ul>
                <li>Status: Failed</li>
                <li>Start time: 2016/12/9 14:07:49</li>
                <li>Execution time (sec): 2.4228102</li>
                <li>Thread: #1</li>
                <li>Error: Unexpected error. System.Net.WebException: Unable to connect to the remote server ---&gt; System.Net.Sockets.SocketException: No connection could be made because the target machine actively refused it 127.0.0.1:4444
   at System.Net.Sockets.Socket.DoConnect(EndPoint endPointSnapshot, SocketAddress socketAddress)
   at System.Net.ServicePoint.ConnectSocketInternal(Boolean connectFailure, Socket s4, Socket s6, Socket&amp; socket, IPAddress&amp; address, ConnectSocketState state, IAsyncResult asyncResult, Exception&amp; exception)
   --- End of inner exception stack trace ---
   at System.Net.HttpWebRequest.GetRequestStream(TransportContext&amp; context)
   at System.Net.HttpWebRequest.GetRequestStream()
   at OpenQA.Selenium.Remote.HttpCommandExecutor.Execute(Command commandToExecute)
   at OpenQA.Selenium.Remote.RemoteWebDriver.Execute(String driverCommandToExecute, Dictionary`2 parameters)</li>
            </ul>
            <table class="testEvents">
                <tr>
                    <th>Steps</th>
                    <th>Trace</th>
                    <th>Result</th>
                </tr>
                    <tr>
                        <td>
                            <pre class="log"></pre>
                        </td>
                        <td>
                            <!-- [TestArrange: Scenario - Test Selenium Grid] -->
                            <pre class="log">warning: The previous ScenarioContext was not disposed.</pre>
                        </td>
                        <td>Succeeded in 0.001s</td>
                    </tr>
                    <tr>
                        <td>
                            <pre class="log">Given I connect Selenium server and choose firefox to start</pre>
                        </td>
                        <td>
                            <!-- [TestArrange: Scenario - Test Selenium Grid] -->
                            <pre class="log">Start the firefox driver
error: Unexpected error. System.Net.WebException: Unable to connect to the remote server ---&gt; System.Net.Sockets.SocketException: No connection could be made because the target machine actively refused it 127.0.0.1:4444
   at System.Net.Sockets.Socket.DoConnect(EndPoint endPointSnapshot, SocketAddress socketAddress)
   at System.Net.ServicePoint.ConnectSocketInternal(Boolean connectFailure, Socket s4, Socket s6, Socket&amp; socket, IPAddress&amp; address, ConnectSocketState state, IAsyncResult asyncResult, Exception&amp; exception)
   --- End of inner exception stack trace ---
   at System.Net.HttpWebRequest.GetRequestStream(TransportContext&amp; context)
   at System.Net.HttpWebRequest.GetRequestStream()
   at OpenQA.Selenium.Remote.HttpCommandExecutor.Execute(Command commandToExecute)
   at OpenQA.Selenium.Remote.RemoteWebDriver.Execute(String driverCommandToExecute, Dictionary`2 parameters)</pre>
                                <div class="errorMessage">Unexpected error. System.Net.WebException: Unable to connect to the remote server ---&gt; System.Net.Sockets.SocketException: No connection could be made because the target machine actively refused it 127.0.0.1:4444
   at System.Net.Sockets.Socket.DoConnect(EndPoint endPointSnapshot, SocketAddress socketAddress)
   at System.Net.ServicePoint.ConnectSocketInternal(Boolean connectFailure, Socket s4, Socket s6, Socket&amp; socket, IPAddress&amp; address, ConnectSocketState state, IAsyncResult asyncResult, Exception&amp; exception)
   --- End of inner exception stack trace ---
   at System.Net.HttpWebRequest.GetRequestStream(TransportContext&amp; context)
   at System.Net.HttpWebRequest.GetRequestStream()
   at OpenQA.Selenium.Remote.HttpCommandExecutor.Execute(Command commandToExecute)
   at OpenQA.Selenium.Remote.RemoteWebDriver.Execute(String driverCommandToExecute, Dictionary`2 parameters)</div>
                                <pre class="stackTrace">OpenQA.Selenium.WebDriverException: Unexpected error. System.Net.WebException: Unable to connect to the remote server ---&gt; System.Net.Sockets.SocketException: No connection could be made because the target machine actively refused it 127.0.0.1:4444
   at System.Net.Sockets.Socket.DoConnect(EndPoint endPointSnapshot, SocketAddress socketAddress)
   at System.Net.ServicePoint.ConnectSocketInternal(Boolean connectFailure, Socket s4, Socket s6, Socket&amp; socket, IPAddress&amp; address, ConnectSocketState state, IAsyncResult asyncResult, Exception&amp; exception)
   --- End of inner exception stack trace ---
   at System.Net.HttpWebRequest.GetRequestStream(TransportContext&amp; context)
   at System.Net.HttpWebRequest.GetRequestStream()
   at OpenQA.Selenium.Remote.HttpCommandExecutor.Execute(Command commandToExecute)
   at OpenQA.Selenium.Remote.RemoteWebDriver.Execute(String driverCommandToExecute, Dictionary`2 parameters)
   at OpenQA.Selenium.Remote.RemoteWebDriver.UnpackAndThrowOnError(Response errorResponse)
   at OpenQA.Selenium.Remote.RemoteWebDriver.Execute(String driverCommandToExecute, Dictionary`2 parameters)
   at OpenQA.Selenium.Remote.RemoteWebDriver.StartSession(ICapabilities desiredCapabilities)
   at OpenQA.Selenium.Remote.RemoteWebDriver..ctor(ICommandExecutor commandExecutor, ICapabilities desiredCapabilities)
   at OpenQA.Selenium.Remote.RemoteWebDriver..ctor(Uri remoteAddress, ICapabilities desiredCapabilities)
   at MyDriver.WebDriver..ctor(String url, DesiredCapabilities capabilities, Int32 timeoutSecond) in d:\0\-Selenium\MyDriver\WebDriver.cs:line 44
   at Selenium.SpecRun.SpecFlowFeature1Steps.GivenIConnectSeleniumServerAndChooseFirefoxToStart() in c:\Users\Administrator\Desktop\Selenium\Selenium\SpecRun\SpecFlowFeature1Steps.cs:line 173
   at TechTalk.SpecFlow.Bindings.BindingInvoker.InvokeBinding(IBinding binding, IContextManager contextManager, Object[] arguments, ITestTracer testTracer, TimeSpan&amp; duration)
   at TechTalk.SpecFlow.Infrastructure.TestExecutionEngine.ExecuteStepMatch(BindingMatch match, Object[] arguments)
   at TechTalk.SpecFlow.Infrastructure.TestExecutionEngine.ExecuteStep(StepInstance stepInstance)
   at TechTalk.SpecFlow.Infrastructure.TestExecutionEngine.OnAfterLastStep()
   at Selenium.SpecRun.LoginFeature.ScenarioCleanup() in c:\Users\Administrator\Desktop\Selenium\Selenium\SpecRun\SpecFlowFeature1.feature.cs:line 0
   at Selenium.SpecRun.LoginFeature.TestSeleniumGrid() in c:\Users\Administrator\Desktop\Selenium\Selenium\SpecRun\SpecFlowFeature1.feature:line 60
   at TechTalk.SpecRun.Framework.TaskExecutors.StaticOrInstanceMethodExecutor.ExecuteInternal(ITestThreadExecutionContext testThreadExecutionContext)
   at TechTalk.SpecRun.Framework.TestAssemblyExecutor.ExecuteTestNodeTask(TestNode testNode, ITaskExecutor task, TraceEventType eventType)</pre>
                        </td>
                        <td>Failed in 2.42s</td>
                    </tr>
                    <tr>
                        <td>
                            <pre class="log">And Forward to the My account page</pre>
                        </td>
                        <td>
                            <!-- [TestArrange: Scenario - Test Selenium Grid] -->
                            <pre class="log">skipped because of previous errors</pre>
                        </td>
                        <td>Skipped in 0s</td>
                    </tr>
                    <tr>
                        <td>
                            <pre class="log">When I fill in all the necessary value on the screen and login</pre>
                        </td>
                        <td>
                            <!-- [TestAct: Scenario - Test Selenium Grid] -->
                            <pre class="log">skipped because of previous errors</pre>
                        </td>
                        <td>Skipped in 0s</td>
                    </tr>
                    <tr>
                        <td>
                            <pre class="log">Then The account Login successful</pre>
                        </td>
                        <td>
                            <!-- [TestAssert: Scenario - Test Selenium Grid] -->
                            <pre class="log">skipped because of previous errors</pre>
                        </td>
                        <td>Skipped in 0s</td>
                    </tr>
                    <tr>
                        <td>
                            <pre class="log"></pre>
                        </td>
                        <td>
                            <!-- [Cleanup: Scenario - Test Selenium Grid] -->
                            <pre class="log"></pre>
                                <div class="errorMessage">Object reference not set to an instance of an object.</div>
                                <pre class="stackTrace">System.NullReferenceException: Object reference not set to an instance of an object.
   at Selenium.SpecRun.SpecFlowFeature1Steps.AfterScenario() in c:\Users\Administrator\Desktop\Selenium\Selenium\SpecRun\SpecFlowFeature1Steps.cs:line 234
   at TechTalk.SpecFlow.Bindings.BindingInvoker.InvokeBinding(IBinding binding, IContextManager contextManager, Object[] arguments, ITestTracer testTracer, TimeSpan&amp; duration)
   at TechTalk.SpecFlow.Infrastructure.TestExecutionEngine.FireEvents(HookType bindingEvent)
   at TechTalk.SpecFlow.Infrastructure.TestExecutionEngine.OnScenarioEnd()
   at Selenium.SpecRun.LoginFeature.ScenarioTearDown() in c:\Users\Administrator\Desktop\Selenium\Selenium\SpecRun\SpecFlowFeature1.feature.cs:line 0
   at TechTalk.SpecRun.Framework.TaskExecutors.StaticOrInstanceMethodExecutor.ExecuteInternal(ITestThreadExecutionContext testThreadExecutionContext)
   at TechTalk.SpecRun.Framework.TestAssemblyExecutor.ExecuteTestNodeTask(TestNode testNode, ITaskExecutor task, TraceEventType eventType)</pre>
                        </td>
                        <td>Failed in 0.001s</td>
                    </tr>
            </table>
            <a name="t-2008298024.0" />
            <h3>Scenario: Test Saucelabs, Firefox (in Selenium, login)</h3>
                <div class="description">
                    tags: TestDILATO, Selenium-Remote
                </div>
            <ul>
                <li>Status: Failed</li>
                <li>Start time: 2016/12/9 14:07:50</li>
                <li>Execution time (sec): 1.5672067</li>
                <li>Thread: #0</li>
                <li>Error: Unexpected error. Sauce Labs Authentication Error.
You used username &#39;xiaolongchen&#39; and access key &#39;XXXXXXXX-XXXX-XXXX-XXXX-XXXX834edd2e&#39; to authenticate, which are not valid Sauce Labs credentials.

The following desired capabilities were received:
{&#39;AccessKey&#39;: &#39;XXXXXXXX-XXXX-XXXX-XXXX-XXXX834edd2e&#39;,
 &#39;Platform&#39;: &#39;Windows 7&#39;,
 &#39;Username&#39;: &#39;xiaolongchen&#39;,
 &#39;browserName&#39;: &#39;Firefox&#39;,
 &#39;name&#39;: &#39;Test&#39;,
 &#39;version&#39;: &#39;47.0&#39;}</li>
            </ul>
            <table class="testEvents">
                <tr>
                    <th>Steps</th>
                    <th>Trace</th>
                    <th>Result</th>
                </tr>
                    <tr>
                        <td>
                            <pre class="log"></pre>
                        </td>
                        <td>
                            <!-- [TestArrange: Scenario - Test Saucelabs, Firefox] -->
                            <pre class="log">warning: The previous ScenarioContext was not disposed.</pre>
                        </td>
                        <td>Succeeded in 0.01s</td>
                    </tr>
                    <tr>
                        <td>
                            <pre class="log">Given I connect saucelabs and choose Firefox of 47.0 at Windows 7</pre>
                        </td>
                        <td>
                            <!-- [TestArrange: Scenario - Test Saucelabs, Firefox] -->
                            <pre class="log">Start the Firefox driver
error: Unexpected error. Sauce Labs Authentication Error.
You used username &#39;xiaolongchen&#39; and access key &#39;XXXXXXXX-XXXX-XXXX-XXXX-XXXX834edd2e&#39; to authenticate, which are not valid Sauce Labs credentials.

The following desired capabilities were received:
{&#39;AccessKey&#39;: &#39;XXXXXXXX-XXXX-XXXX-XXXX-XXXX834edd2e&#39;,
 &#39;Platform&#39;: &#39;Windows 7&#39;,
 &#39;Username&#39;: &#39;xiaolongchen&#39;,
 &#39;browserName&#39;: &#39;Firefox&#39;,
 &#39;name&#39;: &#39;Test&#39;,
 &#39;version&#39;: &#39;47.0&#39;}</pre>
                                <div class="errorMessage">Unexpected error. Sauce Labs Authentication Error.
You used username &#39;xiaolongchen&#39; and access key &#39;XXXXXXXX-XXXX-XXXX-XXXX-XXXX834edd2e&#39; to authenticate, which are not valid Sauce Labs credentials.

The following desired capabilities were received:
{&#39;AccessKey&#39;: &#39;XXXXXXXX-XXXX-XXXX-XXXX-XXXX834edd2e&#39;,
 &#39;Platform&#39;: &#39;Windows 7&#39;,
 &#39;Username&#39;: &#39;xiaolongchen&#39;,
 &#39;browserName&#39;: &#39;Firefox&#39;,
 &#39;name&#39;: &#39;Test&#39;,
 &#39;version&#39;: &#39;47.0&#39;}</div>
                                <pre class="stackTrace">OpenQA.Selenium.WebDriverException: Unexpected error. Sauce Labs Authentication Error.
You used username &#39;xiaolongchen&#39; and access key &#39;XXXXXXXX-XXXX-XXXX-XXXX-XXXX834edd2e&#39; to authenticate, which are not valid Sauce Labs credentials.

The following desired capabilities were received:
{&#39;AccessKey&#39;: &#39;XXXXXXXX-XXXX-XXXX-XXXX-XXXX834edd2e&#39;,
 &#39;Platform&#39;: &#39;Windows 7&#39;,
 &#39;Username&#39;: &#39;xiaolongchen&#39;,
 &#39;browserName&#39;: &#39;Firefox&#39;,
 &#39;name&#39;: &#39;Test&#39;,
 &#39;version&#39;: &#39;47.0&#39;}
   at OpenQA.Selenium.Remote.RemoteWebDriver.UnpackAndThrowOnError(Response errorResponse)
   at OpenQA.Selenium.Remote.RemoteWebDriver.Execute(String driverCommandToExecute, Dictionary`2 parameters)
   at OpenQA.Selenium.Remote.RemoteWebDriver.StartSession(ICapabilities desiredCapabilities)
   at OpenQA.Selenium.Remote.RemoteWebDriver..ctor(ICommandExecutor commandExecutor, ICapabilities desiredCapabilities)
   at OpenQA.Selenium.Remote.RemoteWebDriver..ctor(Uri remoteAddress, ICapabilities desiredCapabilities)
   at MyDriver.WebDriver..ctor(String url, DesiredCapabilities capabilities, Int32 timeoutSecond) in d:\0\-Selenium\MyDriver\WebDriver.cs:line 44
   at Selenium.SpecRun.SpecFlowFeature1Steps.GivenIConnectSaucelabsAndChooseFirefoxOfAtWindows(String p0, String p1, String p2) in c:\Users\Administrator\Desktop\Selenium\Selenium\SpecRun\SpecFlowFeature1Steps.cs:line 212
   at TechTalk.SpecFlow.Bindings.BindingInvoker.InvokeBinding(IBinding binding, IContextManager contextManager, Object[] arguments, ITestTracer testTracer, TimeSpan&amp; duration)
   at TechTalk.SpecFlow.Infrastructure.TestExecutionEngine.ExecuteStepMatch(BindingMatch match, Object[] arguments)
   at TechTalk.SpecFlow.Infrastructure.TestExecutionEngine.ExecuteStep(StepInstance stepInstance)
   at TechTalk.SpecFlow.Infrastructure.TestExecutionEngine.OnAfterLastStep()
   at Selenium.SpecRun.LoginFeature.ScenarioCleanup() in c:\Users\Administrator\Desktop\Selenium\Selenium\SpecRun\SpecFlowFeature1.feature.cs:line 0
   at Selenium.SpecRun.LoginFeature.TestSaucelabs(String browser, String version, String platform, String[] exampleTags) in c:\Users\Administrator\Desktop\Selenium\Selenium\SpecRun\SpecFlowFeature1.feature:line 68
   at Selenium.SpecRun.LoginFeature.TestSaucelabs_Firefox() in c:\Users\Administrator\Desktop\Selenium\Selenium\SpecRun\SpecFlowFeature1.feature.cs:line 0
   at TechTalk.SpecRun.Framework.TaskExecutors.StaticOrInstanceMethodExecutor.ExecuteInternal(ITestThreadExecutionContext testThreadExecutionContext)
   at TechTalk.SpecRun.Framework.TestAssemblyExecutor.ExecuteTestNodeTask(TestNode testNode, ITaskExecutor task, TraceEventType eventType)</pre>
                        </td>
                        <td>Failed in 1.554s</td>
                    </tr>
                    <tr>
                        <td>
                            <pre class="log">And Forward to the My account page</pre>
                        </td>
                        <td>
                            <!-- [TestArrange: Scenario - Test Saucelabs, Firefox] -->
                            <pre class="log">skipped because of previous errors</pre>
                        </td>
                        <td>Skipped in 0s</td>
                    </tr>
                    <tr>
                        <td>
                            <pre class="log">When I fill in all the necessary value on the screen and login</pre>
                        </td>
                        <td>
                            <!-- [TestAct: Scenario - Test Saucelabs, Firefox] -->
                            <pre class="log">skipped because of previous errors</pre>
                        </td>
                        <td>Skipped in 0s</td>
                    </tr>
                    <tr>
                        <td>
                            <pre class="log">Then The account Login successful</pre>
                        </td>
                        <td>
                            <!-- [TestAssert: Scenario - Test Saucelabs, Firefox] -->
                            <pre class="log">skipped because of previous errors</pre>
                        </td>
                        <td>Skipped in 0.001s</td>
                    </tr>
                    <tr>
                        <td>
                            <pre class="log"></pre>
                        </td>
                        <td>
                            <!-- [Cleanup: Scenario - Test Saucelabs, Firefox] -->
                            <pre class="log"></pre>
                                <div class="errorMessage">Object reference not set to an instance of an object.</div>
                                <pre class="stackTrace">System.NullReferenceException: Object reference not set to an instance of an object.
   at Selenium.SpecRun.SpecFlowFeature1Steps.AfterScenario() in c:\Users\Administrator\Desktop\Selenium\Selenium\SpecRun\SpecFlowFeature1Steps.cs:line 234
   at TechTalk.SpecFlow.Bindings.BindingInvoker.InvokeBinding(IBinding binding, IContextManager contextManager, Object[] arguments, ITestTracer testTracer, TimeSpan&amp; duration)
   at TechTalk.SpecFlow.Infrastructure.TestExecutionEngine.FireEvents(HookType bindingEvent)
   at TechTalk.SpecFlow.Infrastructure.TestExecutionEngine.OnScenarioEnd()
   at Selenium.SpecRun.LoginFeature.ScenarioTearDown() in c:\Users\Administrator\Desktop\Selenium\Selenium\SpecRun\SpecFlowFeature1.feature.cs:line 0
   at TechTalk.SpecRun.Framework.TaskExecutors.StaticOrInstanceMethodExecutor.ExecuteInternal(ITestThreadExecutionContext testThreadExecutionContext)
   at TechTalk.SpecRun.Framework.TestAssemblyExecutor.ExecuteTestNodeTask(TestNode testNode, ITaskExecutor task, TraceEventType eventType)</pre>
                        </td>
                        <td>Failed in 0.001s</td>
                    </tr>
            </table>
            <a name="t-1936231809.0" />
            <h3>Scenario: Test Saucelabs, Chrome (in Selenium, login)</h3>
                <div class="description">
                    tags: TestDILATO, Selenium-Remote
                </div>
            <ul>
                <li>Status: Failed</li>
                <li>Start time: 2016/12/9 14:07:51</li>
                <li>Execution time (sec): 0.5729579</li>
                <li>Thread: #0</li>
                <li>Error: Unexpected error. Sauce Labs Authentication Error.
You used username &#39;xiaolongchen&#39; and access key &#39;XXXXXXXX-XXXX-XXXX-XXXX-XXXX834edd2e&#39; to authenticate, which are not valid Sauce Labs credentials.

The following desired capabilities were received:
{&#39;AccessKey&#39;: &#39;XXXXXXXX-XXXX-XXXX-XXXX-XXXX834edd2e&#39;,
 &#39;Platform&#39;: &#39;Windows 10&#39;,
 &#39;Username&#39;: &#39;xiaolongchen&#39;,
 &#39;browserName&#39;: &#39;Chrome&#39;,
 &#39;name&#39;: &#39;Test&#39;,
 &#39;version&#39;: &#39;50.0&#39;}</li>
            </ul>
            <table class="testEvents">
                <tr>
                    <th>Steps</th>
                    <th>Trace</th>
                    <th>Result</th>
                </tr>
                    <tr>
                        <td>
                            <pre class="log"></pre>
                        </td>
                        <td>
                            <!-- [TestArrange: Scenario - Test Saucelabs, Chrome] -->
                            <pre class="log">warning: The previous ScenarioContext was not disposed.</pre>
                        </td>
                        <td>Succeeded in 0s</td>
                    </tr>
                    <tr>
                        <td>
                            <pre class="log">Given I connect saucelabs and choose Chrome of 50.0 at Windows 10</pre>
                        </td>
                        <td>
                            <!-- [TestArrange: Scenario - Test Saucelabs, Chrome] -->
                            <pre class="log">Start the Chrome driver
error: Unexpected error. Sauce Labs Authentication Error.
You used username &#39;xiaolongchen&#39; and access key &#39;XXXXXXXX-XXXX-XXXX-XXXX-XXXX834edd2e&#39; to authenticate, which are not valid Sauce Labs credentials.

The following desired capabilities were received:
{&#39;AccessKey&#39;: &#39;XXXXXXXX-XXXX-XXXX-XXXX-XXXX834edd2e&#39;,
 &#39;Platform&#39;: &#39;Windows 10&#39;,
 &#39;Username&#39;: &#39;xiaolongchen&#39;,
 &#39;browserName&#39;: &#39;Chrome&#39;,
 &#39;name&#39;: &#39;Test&#39;,
 &#39;version&#39;: &#39;50.0&#39;}</pre>
                                <div class="errorMessage">Unexpected error. Sauce Labs Authentication Error.
You used username &#39;xiaolongchen&#39; and access key &#39;XXXXXXXX-XXXX-XXXX-XXXX-XXXX834edd2e&#39; to authenticate, which are not valid Sauce Labs credentials.

The following desired capabilities were received:
{&#39;AccessKey&#39;: &#39;XXXXXXXX-XXXX-XXXX-XXXX-XXXX834edd2e&#39;,
 &#39;Platform&#39;: &#39;Windows 10&#39;,
 &#39;Username&#39;: &#39;xiaolongchen&#39;,
 &#39;browserName&#39;: &#39;Chrome&#39;,
 &#39;name&#39;: &#39;Test&#39;,
 &#39;version&#39;: &#39;50.0&#39;}</div>
                                <pre class="stackTrace">OpenQA.Selenium.WebDriverException: Unexpected error. Sauce Labs Authentication Error.
You used username &#39;xiaolongchen&#39; and access key &#39;XXXXXXXX-XXXX-XXXX-XXXX-XXXX834edd2e&#39; to authenticate, which are not valid Sauce Labs credentials.

The following desired capabilities were received:
{&#39;AccessKey&#39;: &#39;XXXXXXXX-XXXX-XXXX-XXXX-XXXX834edd2e&#39;,
 &#39;Platform&#39;: &#39;Windows 10&#39;,
 &#39;Username&#39;: &#39;xiaolongchen&#39;,
 &#39;browserName&#39;: &#39;Chrome&#39;,
 &#39;name&#39;: &#39;Test&#39;,
 &#39;version&#39;: &#39;50.0&#39;}
   at OpenQA.Selenium.Remote.RemoteWebDriver.UnpackAndThrowOnError(Response errorResponse)
   at OpenQA.Selenium.Remote.RemoteWebDriver.Execute(String driverCommandToExecute, Dictionary`2 parameters)
   at OpenQA.Selenium.Remote.RemoteWebDriver.StartSession(ICapabilities desiredCapabilities)
   at OpenQA.Selenium.Remote.RemoteWebDriver..ctor(ICommandExecutor commandExecutor, ICapabilities desiredCapabilities)
   at OpenQA.Selenium.Remote.RemoteWebDriver..ctor(Uri remoteAddress, ICapabilities desiredCapabilities)
   at MyDriver.WebDriver..ctor(String url, DesiredCapabilities capabilities, Int32 timeoutSecond) in d:\0\-Selenium\MyDriver\WebDriver.cs:line 44
   at Selenium.SpecRun.SpecFlowFeature1Steps.GivenIConnectSaucelabsAndChooseFirefoxOfAtWindows(String p0, String p1, String p2) in c:\Users\Administrator\Desktop\Selenium\Selenium\SpecRun\SpecFlowFeature1Steps.cs:line 212
   at TechTalk.SpecFlow.Bindings.BindingInvoker.InvokeBinding(IBinding binding, IContextManager contextManager, Object[] arguments, ITestTracer testTracer, TimeSpan&amp; duration)
   at TechTalk.SpecFlow.Infrastructure.TestExecutionEngine.ExecuteStepMatch(BindingMatch match, Object[] arguments)
   at TechTalk.SpecFlow.Infrastructure.TestExecutionEngine.ExecuteStep(StepInstance stepInstance)
   at TechTalk.SpecFlow.Infrastructure.TestExecutionEngine.OnAfterLastStep()
   at Selenium.SpecRun.LoginFeature.ScenarioCleanup() in c:\Users\Administrator\Desktop\Selenium\Selenium\SpecRun\SpecFlowFeature1.feature.cs:line 0
   at Selenium.SpecRun.LoginFeature.TestSaucelabs(String browser, String version, String platform, String[] exampleTags) in c:\Users\Administrator\Desktop\Selenium\Selenium\SpecRun\SpecFlowFeature1.feature:line 68
   at Selenium.SpecRun.LoginFeature.TestSaucelabs_Chrome() in c:\Users\Administrator\Desktop\Selenium\Selenium\SpecRun\SpecFlowFeature1.feature.cs:line 0
   at TechTalk.SpecRun.Framework.TaskExecutors.StaticOrInstanceMethodExecutor.ExecuteInternal(ITestThreadExecutionContext testThreadExecutionContext)
   at TechTalk.SpecRun.Framework.TestAssemblyExecutor.ExecuteTestNodeTask(TestNode testNode, ITaskExecutor task, TraceEventType eventType)</pre>
                        </td>
                        <td>Failed in 0.57s</td>
                    </tr>
                    <tr>
                        <td>
                            <pre class="log">And Forward to the My account page</pre>
                        </td>
                        <td>
                            <!-- [TestArrange: Scenario - Test Saucelabs, Chrome] -->
                            <pre class="log">skipped because of previous errors</pre>
                        </td>
                        <td>Skipped in 0s</td>
                    </tr>
                    <tr>
                        <td>
                            <pre class="log">When I fill in all the necessary value on the screen and login</pre>
                        </td>
                        <td>
                            <!-- [TestAct: Scenario - Test Saucelabs, Chrome] -->
                            <pre class="log">skipped because of previous errors</pre>
                        </td>
                        <td>Skipped in 0s</td>
                    </tr>
                    <tr>
                        <td>
                            <pre class="log">Then The account Login successful</pre>
                        </td>
                        <td>
                            <!-- [TestAssert: Scenario - Test Saucelabs, Chrome] -->
                            <pre class="log">skipped because of previous errors</pre>
                        </td>
                        <td>Skipped in 0s</td>
                    </tr>
                    <tr>
                        <td>
                            <pre class="log"></pre>
                        </td>
                        <td>
                            <!-- [Cleanup: Scenario - Test Saucelabs, Chrome] -->
                            <pre class="log"></pre>
                                <div class="errorMessage">Object reference not set to an instance of an object.</div>
                                <pre class="stackTrace">System.NullReferenceException: Object reference not set to an instance of an object.
   at Selenium.SpecRun.SpecFlowFeature1Steps.AfterScenario() in c:\Users\Administrator\Desktop\Selenium\Selenium\SpecRun\SpecFlowFeature1Steps.cs:line 234
   at TechTalk.SpecFlow.Bindings.BindingInvoker.InvokeBinding(IBinding binding, IContextManager contextManager, Object[] arguments, ITestTracer testTracer, TimeSpan&amp; duration)
   at TechTalk.SpecFlow.Infrastructure.TestExecutionEngine.FireEvents(HookType bindingEvent)
   at TechTalk.SpecFlow.Infrastructure.TestExecutionEngine.OnScenarioEnd()
   at Selenium.SpecRun.LoginFeature.ScenarioTearDown() in c:\Users\Administrator\Desktop\Selenium\Selenium\SpecRun\SpecFlowFeature1.feature.cs:line 0
   at TechTalk.SpecRun.Framework.TaskExecutors.StaticOrInstanceMethodExecutor.ExecuteInternal(ITestThreadExecutionContext testThreadExecutionContext)
   at TechTalk.SpecRun.Framework.TestAssemblyExecutor.ExecuteTestNodeTask(TestNode testNode, ITaskExecutor task, TraceEventType eventType)</pre>
                        </td>
                        <td>Failed in 0.001s</td>
                    </tr>
            </table>
            <a name="t-1613415841.0" />
            <h3>Scenario: Test Saucelabs, Safari (in Selenium, login)</h3>
                <div class="description">
                    tags: TestDILATO, Selenium-Remote
                </div>
            <ul>
                <li>Status: Failed</li>
                <li>Start time: 2016/12/9 14:07:51</li>
                <li>Execution time (sec): 0.6920294</li>
                <li>Thread: #1</li>
                <li>Error: Unexpected error. Sauce Labs Authentication Error.
You used username &#39;xiaolongchen&#39; and access key &#39;XXXXXXXX-XXXX-XXXX-XXXX-XXXX834edd2e&#39; to authenticate, which are not valid Sauce Labs credentials.

The following desired capabilities were received:
{&#39;AccessKey&#39;: &#39;XXXXXXXX-XXXX-XXXX-XXXX-XXXX834edd2e&#39;,
 &#39;Platform&#39;: &#39;OS X 10.11&#39;,
 &#39;Username&#39;: &#39;xiaolongchen&#39;,
 &#39;browserName&#39;: &#39;Safari&#39;,
 &#39;name&#39;: &#39;Test&#39;,
 &#39;version&#39;: &#39;9.0&#39;}</li>
            </ul>
            <table class="testEvents">
                <tr>
                    <th>Steps</th>
                    <th>Trace</th>
                    <th>Result</th>
                </tr>
                    <tr>
                        <td>
                            <pre class="log"></pre>
                        </td>
                        <td>
                            <!-- [TestArrange: Scenario - Test Saucelabs, Safari] -->
                            <pre class="log">warning: The previous ScenarioContext was not disposed.</pre>
                        </td>
                        <td>Succeeded in 0.001s</td>
                    </tr>
                    <tr>
                        <td>
                            <pre class="log">Given I connect saucelabs and choose Safari of 9.0 at OS X 10.11</pre>
                        </td>
                        <td>
                            <!-- [TestArrange: Scenario - Test Saucelabs, Safari] -->
                            <pre class="log">Start the Safari driver
error: Unexpected error. Sauce Labs Authentication Error.
You used username &#39;xiaolongchen&#39; and access key &#39;XXXXXXXX-XXXX-XXXX-XXXX-XXXX834edd2e&#39; to authenticate, which are not valid Sauce Labs credentials.

The following desired capabilities were received:
{&#39;AccessKey&#39;: &#39;XXXXXXXX-XXXX-XXXX-XXXX-XXXX834edd2e&#39;,
 &#39;Platform&#39;: &#39;OS X 10.11&#39;,
 &#39;Username&#39;: &#39;xiaolongchen&#39;,
 &#39;browserName&#39;: &#39;Safari&#39;,
 &#39;name&#39;: &#39;Test&#39;,
 &#39;version&#39;: &#39;9.0&#39;}</pre>
                                <div class="errorMessage">Unexpected error. Sauce Labs Authentication Error.
You used username &#39;xiaolongchen&#39; and access key &#39;XXXXXXXX-XXXX-XXXX-XXXX-XXXX834edd2e&#39; to authenticate, which are not valid Sauce Labs credentials.

The following desired capabilities were received:
{&#39;AccessKey&#39;: &#39;XXXXXXXX-XXXX-XXXX-XXXX-XXXX834edd2e&#39;,
 &#39;Platform&#39;: &#39;OS X 10.11&#39;,
 &#39;Username&#39;: &#39;xiaolongchen&#39;,
 &#39;browserName&#39;: &#39;Safari&#39;,
 &#39;name&#39;: &#39;Test&#39;,
 &#39;version&#39;: &#39;9.0&#39;}</div>
                                <pre class="stackTrace">OpenQA.Selenium.WebDriverException: Unexpected error. Sauce Labs Authentication Error.
You used username &#39;xiaolongchen&#39; and access key &#39;XXXXXXXX-XXXX-XXXX-XXXX-XXXX834edd2e&#39; to authenticate, which are not valid Sauce Labs credentials.

The following desired capabilities were received:
{&#39;AccessKey&#39;: &#39;XXXXXXXX-XXXX-XXXX-XXXX-XXXX834edd2e&#39;,
 &#39;Platform&#39;: &#39;OS X 10.11&#39;,
 &#39;Username&#39;: &#39;xiaolongchen&#39;,
 &#39;browserName&#39;: &#39;Safari&#39;,
 &#39;name&#39;: &#39;Test&#39;,
 &#39;version&#39;: &#39;9.0&#39;}
   at OpenQA.Selenium.Remote.RemoteWebDriver.UnpackAndThrowOnError(Response errorResponse)
   at OpenQA.Selenium.Remote.RemoteWebDriver.Execute(String driverCommandToExecute, Dictionary`2 parameters)
   at OpenQA.Selenium.Remote.RemoteWebDriver.StartSession(ICapabilities desiredCapabilities)
   at OpenQA.Selenium.Remote.RemoteWebDriver..ctor(ICommandExecutor commandExecutor, ICapabilities desiredCapabilities)
   at OpenQA.Selenium.Remote.RemoteWebDriver..ctor(Uri remoteAddress, ICapabilities desiredCapabilities)
   at MyDriver.WebDriver..ctor(String url, DesiredCapabilities capabilities, Int32 timeoutSecond) in d:\0\-Selenium\MyDriver\WebDriver.cs:line 44
   at Selenium.SpecRun.SpecFlowFeature1Steps.GivenIConnectSaucelabsAndChooseFirefoxOfAtWindows(String p0, String p1, String p2) in c:\Users\Administrator\Desktop\Selenium\Selenium\SpecRun\SpecFlowFeature1Steps.cs:line 212
   at TechTalk.SpecFlow.Bindings.BindingInvoker.InvokeBinding(IBinding binding, IContextManager contextManager, Object[] arguments, ITestTracer testTracer, TimeSpan&amp; duration)
   at TechTalk.SpecFlow.Infrastructure.TestExecutionEngine.ExecuteStepMatch(BindingMatch match, Object[] arguments)
   at TechTalk.SpecFlow.Infrastructure.TestExecutionEngine.ExecuteStep(StepInstance stepInstance)
   at TechTalk.SpecFlow.Infrastructure.TestExecutionEngine.OnAfterLastStep()
   at Selenium.SpecRun.LoginFeature.ScenarioCleanup() in c:\Users\Administrator\Desktop\Selenium\Selenium\SpecRun\SpecFlowFeature1.feature.cs:line 0
   at Selenium.SpecRun.LoginFeature.TestSaucelabs(String browser, String version, String platform, String[] exampleTags) in c:\Users\Administrator\Desktop\Selenium\Selenium\SpecRun\SpecFlowFeature1.feature:line 68
   at Selenium.SpecRun.LoginFeature.TestSaucelabs_Safari() in c:\Users\Administrator\Desktop\Selenium\Selenium\SpecRun\SpecFlowFeature1.feature.cs:line 0
   at TechTalk.SpecRun.Framework.TaskExecutors.StaticOrInstanceMethodExecutor.ExecuteInternal(ITestThreadExecutionContext testThreadExecutionContext)
   at TechTalk.SpecRun.Framework.TestAssemblyExecutor.ExecuteTestNodeTask(TestNode testNode, ITaskExecutor task, TraceEventType eventType)</pre>
                        </td>
                        <td>Failed in 0.685s</td>
                    </tr>
                    <tr>
                        <td>
                            <pre class="log">And Forward to the My account page</pre>
                        </td>
                        <td>
                            <!-- [TestArrange: Scenario - Test Saucelabs, Safari] -->
                            <pre class="log">skipped because of previous errors</pre>
                        </td>
                        <td>Skipped in 0s</td>
                    </tr>
                    <tr>
                        <td>
                            <pre class="log">When I fill in all the necessary value on the screen and login</pre>
                        </td>
                        <td>
                            <!-- [TestAct: Scenario - Test Saucelabs, Safari] -->
                            <pre class="log">skipped because of previous errors</pre>
                        </td>
                        <td>Skipped in 0s</td>
                    </tr>
                    <tr>
                        <td>
                            <pre class="log">Then The account Login successful</pre>
                        </td>
                        <td>
                            <!-- [TestAssert: Scenario - Test Saucelabs, Safari] -->
                            <pre class="log">skipped because of previous errors</pre>
                        </td>
                        <td>Skipped in 0.001s</td>
                    </tr>
                    <tr>
                        <td>
                            <pre class="log"></pre>
                        </td>
                        <td>
                            <!-- [Cleanup: Scenario - Test Saucelabs, Safari] -->
                            <pre class="log"></pre>
                                <div class="errorMessage">Object reference not set to an instance of an object.</div>
                                <pre class="stackTrace">System.NullReferenceException: Object reference not set to an instance of an object.
   at Selenium.SpecRun.SpecFlowFeature1Steps.AfterScenario() in c:\Users\Administrator\Desktop\Selenium\Selenium\SpecRun\SpecFlowFeature1Steps.cs:line 234
   at TechTalk.SpecFlow.Bindings.BindingInvoker.InvokeBinding(IBinding binding, IContextManager contextManager, Object[] arguments, ITestTracer testTracer, TimeSpan&amp; duration)
   at TechTalk.SpecFlow.Infrastructure.TestExecutionEngine.FireEvents(HookType bindingEvent)
   at TechTalk.SpecFlow.Infrastructure.TestExecutionEngine.OnScenarioEnd()
   at Selenium.SpecRun.LoginFeature.ScenarioTearDown() in c:\Users\Administrator\Desktop\Selenium\Selenium\SpecRun\SpecFlowFeature1.feature.cs:line 0
   at TechTalk.SpecRun.Framework.TaskExecutors.StaticOrInstanceMethodExecutor.ExecuteInternal(ITestThreadExecutionContext testThreadExecutionContext)
   at TechTalk.SpecRun.Framework.TestAssemblyExecutor.ExecuteTestNodeTask(TestNode testNode, ITaskExecutor task, TraceEventType eventType)</pre>
                        </td>
                        <td>Failed in 0.001s</td>
                    </tr>
            </table>
	</body>
</html>
</a><div style='position: absolute; top:0px; right:10px; z-index: 1000; text-align: right; font-size: small; color: #FF5555'>
Generated by an evaluation version of SpecRun.<br />
This version can be used for evaluation purposes only.<br />
For obtaining a registered license please visit <a href='http://www.specflow.org/plus'>http://www.specflow.org/plus</a>.
</div>
